[2024-04-19T09:06:12.863+0000] {local_task_job_runner.py:120} INFO - ::group::Pre task execution logs
[2024-04-19T09:06:12.932+0000] {taskinstance.py:2073} INFO - Dependencies all met for dep_context=non-requeueable deps ti=<TaskInstance: wikipedia_flow.extract_data_from_wikipedia manual__2024-04-19T09:06:01.341179+00:00 [queued]>
[2024-04-19T09:06:12.953+0000] {taskinstance.py:2073} INFO - Dependencies all met for dep_context=requeueable deps ti=<TaskInstance: wikipedia_flow.extract_data_from_wikipedia manual__2024-04-19T09:06:01.341179+00:00 [queued]>
[2024-04-19T09:06:12.955+0000] {taskinstance.py:2303} INFO - Starting attempt 1 of 1
[2024-04-19T09:06:12.979+0000] {taskinstance.py:2327} INFO - Executing <Task(PythonOperator): extract_data_from_wikipedia> on 2024-04-19 09:06:01.341179+00:00
[2024-04-19T09:06:12.998+0000] {warnings.py:110} WARNING - /home/***/.local/lib/python3.12/site-packages/***/task/task_runner/standard_task_runner.py:61: DeprecationWarning: This process (pid=3471) is multi-threaded, use of fork() may lead to deadlocks in the child.
  pid = os.fork()

[2024-04-19T09:06:13.010+0000] {standard_task_runner.py:63} INFO - Started process 3473 to run task
[2024-04-19T09:06:13.006+0000] {standard_task_runner.py:90} INFO - Running: ['***', 'tasks', 'run', 'wikipedia_flow', 'extract_data_from_wikipedia', 'manual__2024-04-19T09:06:01.341179+00:00', '--job-id', '127', '--raw', '--subdir', 'DAGS_FOLDER/wikipedia_flow.py', '--cfg-path', '/tmp/tmpmv53xucf']
[2024-04-19T09:06:13.015+0000] {standard_task_runner.py:91} INFO - Job 127: Subtask extract_data_from_wikipedia
[2024-04-19T09:06:13.125+0000] {task_command.py:426} INFO - Running <TaskInstance: wikipedia_flow.extract_data_from_wikipedia manual__2024-04-19T09:06:01.341179+00:00 [running]> on host f76c4ac7736d
[2024-04-19T09:06:13.315+0000] {taskinstance.py:2644} INFO - Exporting env vars: AIRFLOW_CTX_DAG_OWNER='Yusuf Ganiyu' AIRFLOW_CTX_DAG_ID='wikipedia_flow' AIRFLOW_CTX_TASK_ID='extract_data_from_wikipedia' AIRFLOW_CTX_EXECUTION_DATE='2024-04-19T09:06:01.341179+00:00' AIRFLOW_CTX_TRY_NUMBER='1' AIRFLOW_CTX_DAG_RUN_ID='manual__2024-04-19T09:06:01.341179+00:00'
[2024-04-19T09:06:13.318+0000] {taskinstance.py:430} INFO - ::endgroup::
[2024-04-19T09:06:13.320+0000] {logging_mixin.py:188} INFO - https://en.wikipedia.org/wiki/List_of_association_football_stadiums_by_capacity
[2024-04-19T09:06:13.321+0000] {python.py:237} INFO - Done. Returned value was: None
[2024-04-19T09:06:13.322+0000] {taskinstance.py:441} INFO - ::group::Post task execution logs
[2024-04-19T09:06:13.334+0000] {taskinstance.py:1205} INFO - Marking task as SUCCESS. dag_id=wikipedia_flow, task_id=extract_data_from_wikipedia, execution_date=20240419T090601, start_date=20240419T090612, end_date=20240419T090613
[2024-04-19T09:06:13.388+0000] {local_task_job_runner.py:240} INFO - Task exited with return code 0
[2024-04-19T09:06:13.409+0000] {taskinstance.py:3482} INFO - 0 downstream tasks scheduled from follow-on schedule check
[2024-04-19T09:06:13.413+0000] {local_task_job_runner.py:222} INFO - ::endgroup::
