[2024-04-19T04:50:32.689+0000] {local_task_job_runner.py:120} INFO - ::group::Pre task execution logs
[2024-04-19T04:50:32.870+0000] {taskinstance.py:2073} INFO - Dependencies all met for dep_context=non-requeueable deps ti=<TaskInstance: wikipedia_flow.extract_data_from_wikipedia manual__2024-04-19T04:50:20.047367+00:00 [queued]>
[2024-04-19T04:50:32.925+0000] {taskinstance.py:2073} INFO - Dependencies all met for dep_context=requeueable deps ti=<TaskInstance: wikipedia_flow.extract_data_from_wikipedia manual__2024-04-19T04:50:20.047367+00:00 [queued]>
[2024-04-19T04:50:32.928+0000] {taskinstance.py:2303} INFO - Starting attempt 1 of 1
[2024-04-19T04:50:33.009+0000] {taskinstance.py:2327} INFO - Executing <Task(PythonOperator): extract_data_from_wikipedia> on 2024-04-19 04:50:20.047367+00:00
[2024-04-19T04:50:33.078+0000] {warnings.py:110} WARNING - /home/***/.local/lib/python3.12/site-packages/***/task/task_runner/standard_task_runner.py:61: DeprecationWarning: This process (pid=959) is multi-threaded, use of fork() may lead to deadlocks in the child.
  pid = os.fork()

[2024-04-19T04:50:33.083+0000] {standard_task_runner.py:63} INFO - Started process 961 to run task
[2024-04-19T04:50:33.076+0000] {standard_task_runner.py:90} INFO - Running: ['***', 'tasks', 'run', 'wikipedia_flow', 'extract_data_from_wikipedia', 'manual__2024-04-19T04:50:20.047367+00:00', '--job-id', '108', '--raw', '--subdir', 'DAGS_FOLDER/wikipedia_flow.py', '--cfg-path', '/tmp/tmplzl7ybbr']
[2024-04-19T04:50:33.096+0000] {standard_task_runner.py:91} INFO - Job 108: Subtask extract_data_from_wikipedia
[2024-04-19T04:50:33.328+0000] {task_command.py:426} INFO - Running <TaskInstance: wikipedia_flow.extract_data_from_wikipedia manual__2024-04-19T04:50:20.047367+00:00 [running]> on host f76c4ac7736d
[2024-04-19T04:50:33.593+0000] {taskinstance.py:2644} INFO - Exporting env vars: AIRFLOW_CTX_DAG_OWNER='Yusuf Ganiyu' AIRFLOW_CTX_DAG_ID='wikipedia_flow' AIRFLOW_CTX_TASK_ID='extract_data_from_wikipedia' AIRFLOW_CTX_EXECUTION_DATE='2024-04-19T04:50:20.047367+00:00' AIRFLOW_CTX_TRY_NUMBER='1' AIRFLOW_CTX_DAG_RUN_ID='manual__2024-04-19T04:50:20.047367+00:00'
[2024-04-19T04:50:33.599+0000] {taskinstance.py:430} INFO - ::endgroup::
[2024-04-19T04:50:33.602+0000] {logging_mixin.py:188} INFO - Getting wikipedia page... https://en.wikipedia.org/wiki/List_of_association_football_stadiums_by_capacity
[2024-04-19T04:50:37.334+0000] {taskinstance.py:441} INFO - ::group::Post task execution logs
[2024-04-19T04:50:37.338+0000] {taskinstance.py:2890} ERROR - Task failed with exception
Traceback (most recent call last):
  File "/home/airflow/.local/lib/python3.12/site-packages/airflow/models/taskinstance.py", line 465, in _execute_task
    result = _execute_callable(context=context, **execute_callable_kwargs)
             ^^^^^^^^^^^^^^^^^^^^^^^^^^^^^^^^^^^^^^^^^^^^^^^^^^^^^^^^^^^^^
  File "/home/airflow/.local/lib/python3.12/site-packages/airflow/models/taskinstance.py", line 432, in _execute_callable
    return execute_callable(context=context, **execute_callable_kwargs)
           ^^^^^^^^^^^^^^^^^^^^^^^^^^^^^^^^^^^^^^^^^^^^^^^^^^^^^^^^^^^^
  File "/home/airflow/.local/lib/python3.12/site-packages/airflow/models/baseoperator.py", line 400, in wrapper
    return func(self, *args, **kwargs)
           ^^^^^^^^^^^^^^^^^^^^^^^^^^^
  File "/home/airflow/.local/lib/python3.12/site-packages/airflow/operators/python.py", line 235, in execute
    return_value = self.execute_callable()
                   ^^^^^^^^^^^^^^^^^^^^^^^
  File "/home/airflow/.local/lib/python3.12/site-packages/airflow/operators/python.py", line 252, in execute_callable
    return self.python_callable(*self.op_args, **self.op_kwargs)
           ^^^^^^^^^^^^^^^^^^^^^^^^^^^^^^^^^^^^^^^^^^^^^^^^^^^^^
  File "/opt/airflow/dags/wikipedia_flow.py", line 40, in extract_wikipedia_data
    rows = get_wikipedia_data(html)
           ^^^^^^^^^^^^^^^^^^^^^^^^
  File "/opt/airflow/dags/wikipedia_flow.py", line 30, in get_wikipedia_data
    table = soup.find_all("table", {"class": "wikitable sortable"})[0]
            ~~~~~~~~~~~~~~~~~~~~~~~~~~~~~~~~~~~~~~~~~~~~~~~~~~~~~~~^^^
IndexError: list index out of range
[2024-04-19T04:50:37.391+0000] {taskinstance.py:1205} INFO - Marking task as FAILED. dag_id=wikipedia_flow, task_id=extract_data_from_wikipedia, execution_date=20240419T045020, start_date=20240419T045032, end_date=20240419T045037
[2024-04-19T04:50:37.468+0000] {standard_task_runner.py:110} ERROR - Failed to execute job 108 for task extract_data_from_wikipedia (list index out of range; 961)
[2024-04-19T04:50:37.556+0000] {local_task_job_runner.py:240} INFO - Task exited with return code 1
[2024-04-19T04:50:37.617+0000] {taskinstance.py:3482} INFO - 0 downstream tasks scheduled from follow-on schedule check
[2024-04-19T04:50:37.637+0000] {local_task_job_runner.py:222} INFO - ::endgroup::
