[2024-04-19T06:35:42.331+0000] {local_task_job_runner.py:120} INFO - ::group::Pre task execution logs
[2024-04-19T06:35:42.415+0000] {taskinstance.py:2073} INFO - Dependencies all met for dep_context=non-requeueable deps ti=<TaskInstance: wikipedia_flow.extract_data_from_wikipedia manual__2024-04-19T06:35:22.181719+00:00 [queued]>
[2024-04-19T06:35:42.434+0000] {taskinstance.py:2073} INFO - Dependencies all met for dep_context=requeueable deps ti=<TaskInstance: wikipedia_flow.extract_data_from_wikipedia manual__2024-04-19T06:35:22.181719+00:00 [queued]>
[2024-04-19T06:35:42.435+0000] {taskinstance.py:2303} INFO - Starting attempt 1 of 1
[2024-04-19T06:35:42.477+0000] {taskinstance.py:2327} INFO - Executing <Task(PythonOperator): extract_data_from_wikipedia> on 2024-04-19 06:35:22.181719+00:00
[2024-04-19T06:35:42.508+0000] {warnings.py:110} WARNING - /home/***/.local/lib/python3.12/site-packages/***/task/task_runner/standard_task_runner.py:61: DeprecationWarning: This process (pid=2021) is multi-threaded, use of fork() may lead to deadlocks in the child.
  pid = os.fork()

[2024-04-19T06:35:42.513+0000] {standard_task_runner.py:63} INFO - Started process 2023 to run task
[2024-04-19T06:35:42.512+0000] {standard_task_runner.py:90} INFO - Running: ['***', 'tasks', 'run', 'wikipedia_flow', 'extract_data_from_wikipedia', 'manual__2024-04-19T06:35:22.181719+00:00', '--job-id', '113', '--raw', '--subdir', 'DAGS_FOLDER/wikipedia_flow.py', '--cfg-path', '/tmp/tmpc0w246ao']
[2024-04-19T06:35:42.516+0000] {standard_task_runner.py:91} INFO - Job 113: Subtask extract_data_from_wikipedia
[2024-04-19T06:35:42.659+0000] {task_command.py:426} INFO - Running <TaskInstance: wikipedia_flow.extract_data_from_wikipedia manual__2024-04-19T06:35:22.181719+00:00 [running]> on host f76c4ac7736d
[2024-04-19T06:35:42.914+0000] {taskinstance.py:2644} INFO - Exporting env vars: AIRFLOW_CTX_DAG_OWNER='Yusuf Ganiyu' AIRFLOW_CTX_DAG_ID='wikipedia_flow' AIRFLOW_CTX_TASK_ID='extract_data_from_wikipedia' AIRFLOW_CTX_EXECUTION_DATE='2024-04-19T06:35:22.181719+00:00' AIRFLOW_CTX_TRY_NUMBER='1' AIRFLOW_CTX_DAG_RUN_ID='manual__2024-04-19T06:35:22.181719+00:00'
[2024-04-19T06:35:42.916+0000] {taskinstance.py:430} INFO - ::endgroup::
[2024-04-19T06:35:42.918+0000] {logging_mixin.py:188} INFO - Getting wikipedia page... https://en.wikipedia.org/wiki/List_of_association_football_stadiums_by_capacity
[2024-04-19T06:35:44.565+0000] {taskinstance.py:441} INFO - ::group::Post task execution logs
[2024-04-19T06:35:44.566+0000] {taskinstance.py:2890} ERROR - Task failed with exception
Traceback (most recent call last):
  File "/home/airflow/.local/lib/python3.12/site-packages/airflow/models/taskinstance.py", line 465, in _execute_task
    result = _execute_callable(context=context, **execute_callable_kwargs)
             ^^^^^^^^^^^^^^^^^^^^^^^^^^^^^^^^^^^^^^^^^^^^^^^^^^^^^^^^^^^^^
  File "/home/airflow/.local/lib/python3.12/site-packages/airflow/models/taskinstance.py", line 432, in _execute_callable
    return execute_callable(context=context, **execute_callable_kwargs)
           ^^^^^^^^^^^^^^^^^^^^^^^^^^^^^^^^^^^^^^^^^^^^^^^^^^^^^^^^^^^^
  File "/home/airflow/.local/lib/python3.12/site-packages/airflow/models/baseoperator.py", line 400, in wrapper
    return func(self, *args, **kwargs)
           ^^^^^^^^^^^^^^^^^^^^^^^^^^^
  File "/home/airflow/.local/lib/python3.12/site-packages/airflow/operators/python.py", line 235, in execute
    return_value = self.execute_callable()
                   ^^^^^^^^^^^^^^^^^^^^^^^
  File "/home/airflow/.local/lib/python3.12/site-packages/airflow/operators/python.py", line 252, in execute_callable
    return self.python_callable(*self.op_args, **self.op_kwargs)
           ^^^^^^^^^^^^^^^^^^^^^^^^^^^^^^^^^^^^^^^^^^^^^^^^^^^^^
  File "/opt/airflow/pipelines/wikipedia_pipeline.py", line 50, in extract_wikipedia_data
    rows = get_wikipedia_data(html)
           ^^^^^^^^^^^^^^^^^^^^^^^^
  File "/opt/airflow/pipelines/wikipedia_pipeline.py", line 27, in get_wikipedia_data
    table = soup.find_all("table", {"class": "wikitable sortable"})[0]
            ~~~~~~~~~~~~~~~~~~~~~~~~~~~~~~~~~~~~~~~~~~~~~~~~~~~~~~~^^^
IndexError: list index out of range
[2024-04-19T06:35:44.587+0000] {taskinstance.py:1205} INFO - Marking task as FAILED. dag_id=wikipedia_flow, task_id=extract_data_from_wikipedia, execution_date=20240419T063522, start_date=20240419T063542, end_date=20240419T063544
[2024-04-19T06:35:44.612+0000] {standard_task_runner.py:110} ERROR - Failed to execute job 113 for task extract_data_from_wikipedia (list index out of range; 2023)
[2024-04-19T06:35:44.664+0000] {local_task_job_runner.py:240} INFO - Task exited with return code 1
[2024-04-19T06:35:44.682+0000] {taskinstance.py:3482} INFO - 0 downstream tasks scheduled from follow-on schedule check
[2024-04-19T06:35:44.688+0000] {local_task_job_runner.py:222} INFO - ::endgroup::
