[2024-04-30T17:46:13.600+0000] {local_task_job_runner.py:120} INFO - ::group::Pre task execution logs
[2024-04-30T17:46:13.639+0000] {taskinstance.py:2073} INFO - Dependencies all met for dep_context=non-requeueable deps ti=<TaskInstance: wikipedia_flow.transform_wikipedia_data manual__2024-04-30T17:46:00.307862+00:00 [queued]>
[2024-04-30T17:46:13.661+0000] {taskinstance.py:2073} INFO - Dependencies all met for dep_context=requeueable deps ti=<TaskInstance: wikipedia_flow.transform_wikipedia_data manual__2024-04-30T17:46:00.307862+00:00 [queued]>
[2024-04-30T17:46:13.663+0000] {taskinstance.py:2303} INFO - Starting attempt 1 of 1
[2024-04-30T17:46:13.699+0000] {taskinstance.py:2327} INFO - Executing <Task(PythonOperator): transform_wikipedia_data> on 2024-04-30 17:46:00.307862+00:00
[2024-04-30T17:46:13.716+0000] {warnings.py:110} WARNING - /home/***/.local/lib/python3.12/site-packages/***/task/task_runner/standard_task_runner.py:61: DeprecationWarning: This process (pid=679) is multi-threaded, use of fork() may lead to deadlocks in the child.
  pid = os.fork()

[2024-04-30T17:46:13.719+0000] {standard_task_runner.py:63} INFO - Started process 688 to run task
[2024-04-30T17:46:13.719+0000] {standard_task_runner.py:90} INFO - Running: ['***', 'tasks', 'run', 'wikipedia_flow', 'transform_wikipedia_data', 'manual__2024-04-30T17:46:00.307862+00:00', '--job-id', '15', '--raw', '--subdir', 'DAGS_FOLDER/wikipedia_flow.py', '--cfg-path', '/tmp/tmpq1x5227s']
[2024-04-30T17:46:13.722+0000] {standard_task_runner.py:91} INFO - Job 15: Subtask transform_wikipedia_data
[2024-04-30T17:46:13.850+0000] {task_command.py:426} INFO - Running <TaskInstance: wikipedia_flow.transform_wikipedia_data manual__2024-04-30T17:46:00.307862+00:00 [running]> on host 85d72ecba59d
[2024-04-30T17:46:14.009+0000] {taskinstance.py:2644} INFO - Exporting env vars: AIRFLOW_CTX_DAG_OWNER='Yusuf Ganiyu' AIRFLOW_CTX_DAG_ID='wikipedia_flow' AIRFLOW_CTX_TASK_ID='transform_wikipedia_data' AIRFLOW_CTX_EXECUTION_DATE='2024-04-30T17:46:00.307862+00:00' AIRFLOW_CTX_TRY_NUMBER='1' AIRFLOW_CTX_DAG_RUN_ID='manual__2024-04-30T17:46:00.307862+00:00'
[2024-04-30T17:46:14.011+0000] {taskinstance.py:430} INFO - ::endgroup::
[2024-04-30T17:46:27.837+0000] {connectionpool.py:824} WARNING - Retrying (Retry(total=1, connect=None, read=None, redirect=None, status=None)) after connection broken by 'ReadTimeoutError("HTTPSConnectionPool(host='nominatim.openstreetmap.org', port=443): Read timed out. (read timeout=10)")': /search?q=Michigan+Stadium%2C+United+States&format=json&limit=1
[2024-04-30T17:46:40.055+0000] {connectionpool.py:824} WARNING - Retrying (Retry(total=0, connect=None, read=None, redirect=None, status=None)) after connection broken by 'NewConnectionError('<urllib3.connection.HTTPSConnection object at 0x7f7d578d8f50>: Failed to establish a new connection: [Errno -3] Temporary failure in name resolution')': /search?q=Michigan+Stadium%2C+United+States&format=json&limit=1
[2024-04-30T17:46:59.620+0000] {logging_mixin.py:188} INFO -    rank  ...                                   location
0     1  ...           (39.0496732, 125.77532151186813)
1     2  ...           (42.2658652, -83.74868376764053)
2     3  ...          (40.00164575, -83.01973744224524)
3     4  ...  (-37.819908999999996, 144.98322500667754)
4     5  ...           (41.38089905, 2.122922500751749)

[5 rows x 9 columns]
[2024-04-30T17:46:59.622+0000] {python.py:237} INFO - Done. Returned value was: OK
[2024-04-30T17:46:59.623+0000] {taskinstance.py:441} INFO - ::group::Post task execution logs
[2024-04-30T17:46:59.645+0000] {taskinstance.py:1205} INFO - Marking task as SUCCESS. dag_id=wikipedia_flow, task_id=transform_wikipedia_data, execution_date=20240430T174600, start_date=20240430T174613, end_date=20240430T174659
[2024-04-30T17:46:59.687+0000] {local_task_job_runner.py:240} INFO - Task exited with return code 0
[2024-04-30T17:46:59.715+0000] {taskinstance.py:3482} INFO - 1 downstream tasks scheduled from follow-on schedule check
[2024-04-30T17:46:59.719+0000] {local_task_job_runner.py:222} INFO - ::endgroup::
