[2024-04-28T04:09:24.284+0000] {local_task_job_runner.py:120} INFO - ::group::Pre task execution logs
[2024-04-28T04:09:24.336+0000] {taskinstance.py:2073} INFO - Dependencies all met for dep_context=non-requeueable deps ti=<TaskInstance: wikipedia_flow.transform_wikipedia_data manual__2024-04-28T04:09:05.615510+00:00 [queued]>
[2024-04-28T04:09:24.352+0000] {taskinstance.py:2073} INFO - Dependencies all met for dep_context=requeueable deps ti=<TaskInstance: wikipedia_flow.transform_wikipedia_data manual__2024-04-28T04:09:05.615510+00:00 [queued]>
[2024-04-28T04:09:24.353+0000] {taskinstance.py:2303} INFO - Starting attempt 1 of 1
[2024-04-28T04:09:24.383+0000] {taskinstance.py:2327} INFO - Executing <Task(PythonOperator): transform_wikipedia_data> on 2024-04-28 04:09:05.615510+00:00
[2024-04-28T04:09:24.400+0000] {warnings.py:110} WARNING - /home/***/.local/lib/python3.12/site-packages/***/task/task_runner/standard_task_runner.py:61: DeprecationWarning: This process (pid=8430) is multi-threaded, use of fork() may lead to deadlocks in the child.
  pid = os.fork()

[2024-04-28T04:09:24.402+0000] {standard_task_runner.py:63} INFO - Started process 8439 to run task
[2024-04-28T04:09:24.402+0000] {standard_task_runner.py:90} INFO - Running: ['***', 'tasks', 'run', 'wikipedia_flow', 'transform_wikipedia_data', 'manual__2024-04-28T04:09:05.615510+00:00', '--job-id', '172', '--raw', '--subdir', 'DAGS_FOLDER/wikipedia_flow.py', '--cfg-path', '/tmp/tmpi27pmb0j']
[2024-04-28T04:09:24.404+0000] {standard_task_runner.py:91} INFO - Job 172: Subtask transform_wikipedia_data
[2024-04-28T04:09:24.483+0000] {task_command.py:426} INFO - Running <TaskInstance: wikipedia_flow.transform_wikipedia_data manual__2024-04-28T04:09:05.615510+00:00 [running]> on host 5e296f45c597
[2024-04-28T04:09:24.649+0000] {taskinstance.py:2644} INFO - Exporting env vars: AIRFLOW_CTX_DAG_OWNER='Yusuf Ganiyu' AIRFLOW_CTX_DAG_ID='wikipedia_flow' AIRFLOW_CTX_TASK_ID='transform_wikipedia_data' AIRFLOW_CTX_EXECUTION_DATE='2024-04-28T04:09:05.615510+00:00' AIRFLOW_CTX_TRY_NUMBER='1' AIRFLOW_CTX_DAG_RUN_ID='manual__2024-04-28T04:09:05.615510+00:00'
[2024-04-28T04:09:24.651+0000] {taskinstance.py:430} INFO - ::endgroup::
[2024-04-28T04:09:24.817+0000] {logging_mixin.py:188} INFO -      rank  ...                                          home_team
0       1  ...  Korea DPR national football team, Korea DPR wo...
1       2  ...                       Michigan Wolverines football
2       3  ...                       Ohio State Buckeyes football
3       4  ...  Australia national cricket team, Victoria cric...
4       5  ...                                       FC Barcelona
..    ...  ...                                                ...
373   374  ...                                                   
374   375  ...                       China national football team
375   376  ...                                                   
376   377  ...                                                   
377   378  ...                                                   

[378 rows x 8 columns]
[2024-04-28T04:09:24.818+0000] {python.py:237} INFO - Done. Returned value was: OK
[2024-04-28T04:09:24.820+0000] {taskinstance.py:441} INFO - ::group::Post task execution logs
[2024-04-28T04:09:24.856+0000] {taskinstance.py:1205} INFO - Marking task as SUCCESS. dag_id=wikipedia_flow, task_id=transform_wikipedia_data, execution_date=20240428T040905, start_date=20240428T040924, end_date=20240428T040924
[2024-04-28T04:09:24.899+0000] {local_task_job_runner.py:240} INFO - Task exited with return code 0
[2024-04-28T04:09:24.961+0000] {taskinstance.py:3482} INFO - 1 downstream tasks scheduled from follow-on schedule check
[2024-04-28T04:09:24.969+0000] {local_task_job_runner.py:222} INFO - ::endgroup::
