[2024-04-30T18:25:27.085+0000] {local_task_job_runner.py:120} INFO - ::group::Pre task execution logs
[2024-04-30T18:25:27.125+0000] {taskinstance.py:2073} INFO - Dependencies all met for dep_context=non-requeueable deps ti=<TaskInstance: wikipedia_flow.transform_wikipedia_data manual__2024-04-30T18:25:15.552848+00:00 [queued]>
[2024-04-30T18:25:27.139+0000] {taskinstance.py:2073} INFO - Dependencies all met for dep_context=requeueable deps ti=<TaskInstance: wikipedia_flow.transform_wikipedia_data manual__2024-04-30T18:25:15.552848+00:00 [queued]>
[2024-04-30T18:25:27.140+0000] {taskinstance.py:2303} INFO - Starting attempt 1 of 1
[2024-04-30T18:25:27.175+0000] {taskinstance.py:2327} INFO - Executing <Task(PythonOperator): transform_wikipedia_data> on 2024-04-30 18:25:15.552848+00:00
[2024-04-30T18:25:27.186+0000] {warnings.py:110} WARNING - /home/***/.local/lib/python3.12/site-packages/***/task/task_runner/standard_task_runner.py:61: DeprecationWarning: This process (pid=1166) is multi-threaded, use of fork() may lead to deadlocks in the child.
  pid = os.fork()

[2024-04-30T18:25:27.188+0000] {standard_task_runner.py:63} INFO - Started process 1168 to run task
[2024-04-30T18:25:27.189+0000] {standard_task_runner.py:90} INFO - Running: ['***', 'tasks', 'run', 'wikipedia_flow', 'transform_wikipedia_data', 'manual__2024-04-30T18:25:15.552848+00:00', '--job-id', '35', '--raw', '--subdir', 'DAGS_FOLDER/wikipedia_flow.py', '--cfg-path', '/tmp/tmpt1_p326s']
[2024-04-30T18:25:27.191+0000] {standard_task_runner.py:91} INFO - Job 35: Subtask transform_wikipedia_data
[2024-04-30T18:25:27.260+0000] {task_command.py:426} INFO - Running <TaskInstance: wikipedia_flow.transform_wikipedia_data manual__2024-04-30T18:25:15.552848+00:00 [running]> on host 85d72ecba59d
[2024-04-30T18:25:27.445+0000] {taskinstance.py:2644} INFO - Exporting env vars: AIRFLOW_CTX_DAG_OWNER='Yusuf Ganiyu' AIRFLOW_CTX_DAG_ID='wikipedia_flow' AIRFLOW_CTX_TASK_ID='transform_wikipedia_data' AIRFLOW_CTX_EXECUTION_DATE='2024-04-30T18:25:15.552848+00:00' AIRFLOW_CTX_TRY_NUMBER='1' AIRFLOW_CTX_DAG_RUN_ID='manual__2024-04-30T18:25:15.552848+00:00'
[2024-04-30T18:25:27.447+0000] {taskinstance.py:430} INFO - ::endgroup::
[2024-04-30T18:25:30.639+0000] {logging_mixin.py:188} INFO -    rank  ...                          location
0     1  ...  (39.0496732, 125.77532151186813)

[1 rows x 9 columns]
[2024-04-30T18:25:30.641+0000] {python.py:237} INFO - Done. Returned value was: OK
[2024-04-30T18:25:30.642+0000] {taskinstance.py:441} INFO - ::group::Post task execution logs
[2024-04-30T18:25:30.667+0000] {taskinstance.py:1205} INFO - Marking task as SUCCESS. dag_id=wikipedia_flow, task_id=transform_wikipedia_data, execution_date=20240430T182515, start_date=20240430T182527, end_date=20240430T182530
[2024-04-30T18:25:30.708+0000] {local_task_job_runner.py:240} INFO - Task exited with return code 0
[2024-04-30T18:25:30.729+0000] {taskinstance.py:3482} INFO - 0 downstream tasks scheduled from follow-on schedule check
[2024-04-30T18:25:30.733+0000] {local_task_job_runner.py:222} INFO - ::endgroup::
