[2024-05-17T04:50:36.069+0000] {local_task_job_runner.py:120} INFO - ::group::Pre task execution logs
[2024-05-17T04:50:36.111+0000] {taskinstance.py:2073} INFO - Dependencies all met for dep_context=non-requeueable deps ti=<TaskInstance: wikipedia_flow.transform_wikipedia_data_ep1 manual__2024-05-17T04:50:18.953226+00:00 [queued]>
[2024-05-17T04:50:36.132+0000] {taskinstance.py:2073} INFO - Dependencies all met for dep_context=requeueable deps ti=<TaskInstance: wikipedia_flow.transform_wikipedia_data_ep1 manual__2024-05-17T04:50:18.953226+00:00 [queued]>
[2024-05-17T04:50:36.133+0000] {taskinstance.py:2303} INFO - Starting attempt 1 of 1
[2024-05-17T04:50:36.159+0000] {taskinstance.py:2327} INFO - Executing <Task(PythonOperator): transform_wikipedia_data_ep1> on 2024-05-17 04:50:18.953226+00:00
[2024-05-17T04:50:36.170+0000] {warnings.py:110} WARNING - /home/***/.local/lib/python3.12/site-packages/***/task/task_runner/standard_task_runner.py:61: DeprecationWarning: This process (pid=3008) is multi-threaded, use of fork() may lead to deadlocks in the child.
  pid = os.fork()

[2024-05-17T04:50:36.173+0000] {standard_task_runner.py:63} INFO - Started process 3017 to run task
[2024-05-17T04:50:36.175+0000] {standard_task_runner.py:90} INFO - Running: ['***', 'tasks', 'run', 'wikipedia_flow', 'transform_wikipedia_data_ep1', 'manual__2024-05-17T04:50:18.953226+00:00', '--job-id', '78', '--raw', '--subdir', 'DAGS_FOLDER/wikipedia_flow.py', '--cfg-path', '/tmp/tmp38uiyaa0']
[2024-05-17T04:50:36.177+0000] {standard_task_runner.py:91} INFO - Job 78: Subtask transform_wikipedia_data_ep1
[2024-05-17T04:50:36.260+0000] {task_command.py:426} INFO - Running <TaskInstance: wikipedia_flow.transform_wikipedia_data_ep1 manual__2024-05-17T04:50:18.953226+00:00 [running]> on host 85d72ecba59d
[2024-05-17T04:50:36.502+0000] {taskinstance.py:2644} INFO - Exporting env vars: AIRFLOW_CTX_DAG_OWNER='Yusuf Ganiyu' AIRFLOW_CTX_DAG_ID='wikipedia_flow' AIRFLOW_CTX_TASK_ID='transform_wikipedia_data_ep1' AIRFLOW_CTX_EXECUTION_DATE='2024-05-17T04:50:18.953226+00:00' AIRFLOW_CTX_TRY_NUMBER='1' AIRFLOW_CTX_DAG_RUN_ID='manual__2024-05-17T04:50:18.953226+00:00'
[2024-05-17T04:50:36.505+0000] {taskinstance.py:430} INFO - ::endgroup::
[2024-05-17T04:51:42.454+0000] {connectionpool.py:824} WARNING - Retrying (Retry(total=1, connect=None, read=None, redirect=None, status=None)) after connection broken by 'ReadTimeoutError("HTTPSConnectionPool(host='nominatim.openstreetmap.org', port=443): Read timed out. (read timeout=10)")': /search?q=Estadio+Santiago+Bernab%C3%A9u%2C+Spain&format=json&limit=1
[2024-05-17T04:52:57.872+0000] {taskinstance.py:441} INFO - ::group::Post task execution logs
[2024-05-17T04:52:57.886+0000] {taskinstance.py:2890} ERROR - Task failed with exception
Traceback (most recent call last):
  File "/home/airflow/.local/lib/python3.12/site-packages/airflow/models/taskinstance.py", line 465, in _execute_task
    result = _execute_callable(context=context, **execute_callable_kwargs)
             ^^^^^^^^^^^^^^^^^^^^^^^^^^^^^^^^^^^^^^^^^^^^^^^^^^^^^^^^^^^^^
  File "/home/airflow/.local/lib/python3.12/site-packages/airflow/models/taskinstance.py", line 432, in _execute_callable
    return execute_callable(context=context, **execute_callable_kwargs)
           ^^^^^^^^^^^^^^^^^^^^^^^^^^^^^^^^^^^^^^^^^^^^^^^^^^^^^^^^^^^^
  File "/home/airflow/.local/lib/python3.12/site-packages/airflow/models/baseoperator.py", line 400, in wrapper
    return func(self, *args, **kwargs)
           ^^^^^^^^^^^^^^^^^^^^^^^^^^^
  File "/home/airflow/.local/lib/python3.12/site-packages/airflow/operators/python.py", line 235, in execute
    return_value = self.execute_callable()
                   ^^^^^^^^^^^^^^^^^^^^^^^
  File "/home/airflow/.local/lib/python3.12/site-packages/airflow/operators/python.py", line 252, in execute_callable
    return self.python_callable(*self.op_args, **self.op_kwargs)
           ^^^^^^^^^^^^^^^^^^^^^^^^^^^^^^^^^^^^^^^^^^^^^^^^^^^^^
  File "/opt/airflow/pipelines/wikipedia_pipeline.py", line 94, in transform_wikipedia_data_ep1
    stadiums_df['latitude'] = stadiums_df.apply(lambda x: get_lat_long(x['country'], x['stadium'])[0], axis=1)
                              ^^^^^^^^^^^^^^^^^^^^^^^^^^^^^^^^^^^^^^^^^^^^^^^^^^^^^^^^^^^^^^^^^^^^^^^^^^^^^^^^
  File "/home/airflow/.local/lib/python3.12/site-packages/pandas/core/frame.py", line 10034, in apply
    return op.apply().__finalize__(self, method="apply")
           ^^^^^^^^^^
  File "/home/airflow/.local/lib/python3.12/site-packages/pandas/core/apply.py", line 837, in apply
    return self.apply_standard()
           ^^^^^^^^^^^^^^^^^^^^^
  File "/home/airflow/.local/lib/python3.12/site-packages/pandas/core/apply.py", line 965, in apply_standard
    results, res_index = self.apply_series_generator()
                         ^^^^^^^^^^^^^^^^^^^^^^^^^^^^^
  File "/home/airflow/.local/lib/python3.12/site-packages/pandas/core/apply.py", line 981, in apply_series_generator
    results[i] = self.func(v, *self.args, **self.kwargs)
                 ^^^^^^^^^^^^^^^^^^^^^^^^^^^^^^^^^^^^^^^
  File "/opt/airflow/pipelines/wikipedia_pipeline.py", line 94, in <lambda>
    stadiums_df['latitude'] = stadiums_df.apply(lambda x: get_lat_long(x['country'], x['stadium'])[0], axis=1)
                                                          ~~~~~~~~~~~~~~~~~~~~~~~~~~~~~~~~~~~~~~~~^^^
TypeError: 'NoneType' object is not subscriptable
[2024-05-17T04:52:57.982+0000] {taskinstance.py:1205} INFO - Marking task as FAILED. dag_id=wikipedia_flow, task_id=transform_wikipedia_data_ep1, execution_date=20240517T045018, start_date=20240517T045036, end_date=20240517T045257
[2024-05-17T04:52:58.038+0000] {standard_task_runner.py:110} ERROR - Failed to execute job 78 for task transform_wikipedia_data_ep1 ('NoneType' object is not subscriptable; 3017)
[2024-05-17T04:52:58.064+0000] {local_task_job_runner.py:240} INFO - Task exited with return code 1
[2024-05-17T04:52:58.117+0000] {taskinstance.py:3482} INFO - 0 downstream tasks scheduled from follow-on schedule check
[2024-05-17T04:52:58.128+0000] {local_task_job_runner.py:222} INFO - ::endgroup::
