[2024-05-01T10:20:37.375+0000] {local_task_job_runner.py:120} INFO - ::group::Pre task execution logs
[2024-05-01T10:20:37.423+0000] {taskinstance.py:2073} INFO - Dependencies all met for dep_context=non-requeueable deps ti=<TaskInstance: wikipedia_flow.transform_wikipedia_data manual__2024-05-01T10:20:18.158011+00:00 [queued]>
[2024-05-01T10:20:37.438+0000] {taskinstance.py:2073} INFO - Dependencies all met for dep_context=requeueable deps ti=<TaskInstance: wikipedia_flow.transform_wikipedia_data manual__2024-05-01T10:20:18.158011+00:00 [queued]>
[2024-05-01T10:20:37.440+0000] {taskinstance.py:2303} INFO - Starting attempt 1 of 1
[2024-05-01T10:20:37.464+0000] {taskinstance.py:2327} INFO - Executing <Task(PythonOperator): transform_wikipedia_data> on 2024-05-01 10:20:18.158011+00:00
[2024-05-01T10:20:37.496+0000] {warnings.py:110} WARNING - /home/***/.local/lib/python3.12/site-packages/***/task/task_runner/standard_task_runner.py:61: DeprecationWarning: This process (pid=758) is multi-threaded, use of fork() may lead to deadlocks in the child.
  pid = os.fork()

[2024-05-01T10:20:37.499+0000] {standard_task_runner.py:63} INFO - Started process 760 to run task
[2024-05-01T10:20:37.501+0000] {standard_task_runner.py:90} INFO - Running: ['***', 'tasks', 'run', 'wikipedia_flow', 'transform_wikipedia_data', 'manual__2024-05-01T10:20:18.158011+00:00', '--job-id', '45', '--raw', '--subdir', 'DAGS_FOLDER/wikipedia_flow.py', '--cfg-path', '/tmp/tmpz_5l7ay_']
[2024-05-01T10:20:37.503+0000] {standard_task_runner.py:91} INFO - Job 45: Subtask transform_wikipedia_data
[2024-05-01T10:20:37.583+0000] {task_command.py:426} INFO - Running <TaskInstance: wikipedia_flow.transform_wikipedia_data manual__2024-05-01T10:20:18.158011+00:00 [running]> on host 85d72ecba59d
[2024-05-01T10:20:37.774+0000] {taskinstance.py:2644} INFO - Exporting env vars: AIRFLOW_CTX_DAG_OWNER='Yusuf Ganiyu' AIRFLOW_CTX_DAG_ID='wikipedia_flow' AIRFLOW_CTX_TASK_ID='transform_wikipedia_data' AIRFLOW_CTX_EXECUTION_DATE='2024-05-01T10:20:18.158011+00:00' AIRFLOW_CTX_TRY_NUMBER='1' AIRFLOW_CTX_DAG_RUN_ID='manual__2024-05-01T10:20:18.158011+00:00'
[2024-05-01T10:20:37.780+0000] {taskinstance.py:430} INFO - ::endgroup::
[2024-05-01T10:31:32.185+0000] {warnings.py:110} WARNING - /opt/***/pipelines/wikipedia_pipeline.py:105: SettingWithCopyWarning: 
A value is trying to be set on a copy of a slice from a DataFrame.
Try using .loc[row_indexer,col_indexer] = value instead

See the caveats in the documentation: https://pandas.pydata.org/pandas-docs/stable/user_guide/indexing.html#returning-a-view-versus-a-copy
  duplicates['location'] = duplicates.apply(lambda x: get_lat_long(x['country'], x['city']), axis=1)

[2024-05-01T10:31:32.789+0000] {logging_mixin.py:188} INFO -      rank  ...                                   location
0       1  ...           (39.0496732, 125.77532151186813)
1       2  ...           (42.2658652, -83.74868376764053)
2       3  ...          (40.00164575, -83.01973744224524)
3       4  ...  (-37.819908999999996, 144.98322500667754)
4       5  ...           (41.38089905, 2.122922500751749)
..    ...  ...                                        ...
373   374  ...                  (22.5632358, 113.8764671)
374   375  ...                  (25.0363006, 102.7086139)
375   376  ...           (28.6496194, 121.39537897875175)
376   377  ...                  (31.1800568, 118.2141777)
377   378  ...          (23.03555805, 114.44152011468373)

[378 rows x 9 columns]
[2024-05-01T10:31:32.801+0000] {python.py:237} INFO - Done. Returned value was: OK
[2024-05-01T10:31:32.808+0000] {taskinstance.py:441} INFO - ::group::Post task execution logs
[2024-05-01T10:31:32.884+0000] {taskinstance.py:1205} INFO - Marking task as SUCCESS. dag_id=wikipedia_flow, task_id=transform_wikipedia_data, execution_date=20240501T102018, start_date=20240501T102037, end_date=20240501T103132
[2024-05-01T10:31:33.060+0000] {local_task_job_runner.py:240} INFO - Task exited with return code 0
[2024-05-01T10:31:33.217+0000] {taskinstance.py:3482} INFO - 0 downstream tasks scheduled from follow-on schedule check
[2024-05-01T10:31:33.222+0000] {local_task_job_runner.py:222} INFO - ::endgroup::
