[2024-05-16T17:16:56.096+0000] {local_task_job_runner.py:120} INFO - ::group::Pre task execution logs
[2024-05-16T17:16:56.921+0000] {taskinstance.py:2073} INFO - Dependencies all met for dep_context=non-requeueable deps ti=<TaskInstance: wikipedia_flow.extract_data_from_wikipedia manual__2024-05-16T17:16:34.266070+00:00 [queued]>
[2024-05-16T17:16:57.020+0000] {taskinstance.py:2073} INFO - Dependencies all met for dep_context=requeueable deps ti=<TaskInstance: wikipedia_flow.extract_data_from_wikipedia manual__2024-05-16T17:16:34.266070+00:00 [queued]>
[2024-05-16T17:16:57.028+0000] {taskinstance.py:2303} INFO - Starting attempt 1 of 1
[2024-05-16T17:16:57.257+0000] {taskinstance.py:2327} INFO - Executing <Task(PythonOperator): extract_data_from_wikipedia> on 2024-05-16 17:16:34.266070+00:00
[2024-05-16T17:16:57.411+0000] {warnings.py:110} WARNING - /home/***/.local/lib/python3.12/site-packages/***/task/task_runner/standard_task_runner.py:61: DeprecationWarning: This process (pid=2085) is multi-threaded, use of fork() may lead to deadlocks in the child.
  pid = os.fork()

[2024-05-16T17:16:57.495+0000] {standard_task_runner.py:63} INFO - Started process 2087 to run task
[2024-05-16T17:16:57.521+0000] {standard_task_runner.py:90} INFO - Running: ['***', 'tasks', 'run', 'wikipedia_flow', 'extract_data_from_wikipedia', 'manual__2024-05-16T17:16:34.266070+00:00', '--job-id', '56', '--raw', '--subdir', 'DAGS_FOLDER/wikipedia_flow.py', '--cfg-path', '/tmp/tmpfany0fv0']
[2024-05-16T17:16:57.532+0000] {standard_task_runner.py:91} INFO - Job 56: Subtask extract_data_from_wikipedia
[2024-05-16T17:16:58.121+0000] {task_command.py:426} INFO - Running <TaskInstance: wikipedia_flow.extract_data_from_wikipedia manual__2024-05-16T17:16:34.266070+00:00 [running]> on host 85d72ecba59d
[2024-05-16T17:16:58.759+0000] {taskinstance.py:2644} INFO - Exporting env vars: AIRFLOW_CTX_DAG_OWNER='Yusuf Ganiyu' AIRFLOW_CTX_DAG_ID='wikipedia_flow' AIRFLOW_CTX_TASK_ID='extract_data_from_wikipedia' AIRFLOW_CTX_EXECUTION_DATE='2024-05-16T17:16:34.266070+00:00' AIRFLOW_CTX_TRY_NUMBER='1' AIRFLOW_CTX_DAG_RUN_ID='manual__2024-05-16T17:16:34.266070+00:00'
[2024-05-16T17:16:58.792+0000] {taskinstance.py:430} INFO - ::endgroup::
[2024-05-16T17:16:58.821+0000] {logging_mixin.py:188} INFO - Getting wikipedia page... https://en.wikipedia.org/wiki/List_of_association_football_stadiums_by_capacity
[2024-05-16T17:17:04.019+0000] {python.py:237} INFO - Done. Returned value was: OK
[2024-05-16T17:17:04.021+0000] {taskinstance.py:441} INFO - ::group::Post task execution logs
[2024-05-16T17:17:04.092+0000] {taskinstance.py:1205} INFO - Marking task as SUCCESS. dag_id=wikipedia_flow, task_id=extract_data_from_wikipedia, execution_date=20240516T171634, start_date=20240516T171656, end_date=20240516T171704
[2024-05-16T17:17:04.258+0000] {local_task_job_runner.py:240} INFO - Task exited with return code 0
[2024-05-16T17:17:04.411+0000] {taskinstance.py:3482} INFO - 1 downstream tasks scheduled from follow-on schedule check
[2024-05-16T17:17:04.424+0000] {local_task_job_runner.py:222} INFO - ::endgroup::
