[2024-04-20T09:17:06.376+0000] {local_task_job_runner.py:120} INFO - ::group::Pre task execution logs
[2024-04-20T09:17:06.414+0000] {taskinstance.py:2073} INFO - Dependencies all met for dep_context=non-requeueable deps ti=<TaskInstance: wikipedia_flow.transform_wikipedia_data manual__2024-04-20T09:16:50.112795+00:00 [queued]>
[2024-04-20T09:17:06.426+0000] {taskinstance.py:2073} INFO - Dependencies all met for dep_context=requeueable deps ti=<TaskInstance: wikipedia_flow.transform_wikipedia_data manual__2024-04-20T09:16:50.112795+00:00 [queued]>
[2024-04-20T09:17:06.427+0000] {taskinstance.py:2303} INFO - Starting attempt 1 of 1
[2024-04-20T09:17:06.450+0000] {taskinstance.py:2327} INFO - Executing <Task(PythonOperator): transform_wikipedia_data> on 2024-04-20 09:16:50.112795+00:00
[2024-04-20T09:17:06.461+0000] {warnings.py:110} WARNING - /home/***/.local/lib/python3.12/site-packages/***/task/task_runner/standard_task_runner.py:61: DeprecationWarning: This process (pid=1772) is multi-threaded, use of fork() may lead to deadlocks in the child.
  pid = os.fork()

[2024-04-20T09:17:06.464+0000] {standard_task_runner.py:63} INFO - Started process 1774 to run task
[2024-04-20T09:17:06.466+0000] {standard_task_runner.py:90} INFO - Running: ['***', 'tasks', 'run', 'wikipedia_flow', 'transform_wikipedia_data', 'manual__2024-04-20T09:16:50.112795+00:00', '--job-id', '159', '--raw', '--subdir', 'DAGS_FOLDER/wikipedia_flow.py', '--cfg-path', '/tmp/tmpzjy4ehwj']
[2024-04-20T09:17:06.469+0000] {standard_task_runner.py:91} INFO - Job 159: Subtask transform_wikipedia_data
[2024-04-20T09:17:06.609+0000] {task_command.py:426} INFO - Running <TaskInstance: wikipedia_flow.transform_wikipedia_data manual__2024-04-20T09:16:50.112795+00:00 [running]> on host f76c4ac7736d
[2024-04-20T09:17:06.851+0000] {taskinstance.py:2644} INFO - Exporting env vars: AIRFLOW_CTX_DAG_OWNER='Yusuf Ganiyu' AIRFLOW_CTX_DAG_ID='wikipedia_flow' AIRFLOW_CTX_TASK_ID='transform_wikipedia_data' AIRFLOW_CTX_EXECUTION_DATE='2024-04-20T09:16:50.112795+00:00' AIRFLOW_CTX_TRY_NUMBER='1' AIRFLOW_CTX_DAG_RUN_ID='manual__2024-04-20T09:16:50.112795+00:00'
[2024-04-20T09:17:06.854+0000] {taskinstance.py:430} INFO - ::endgroup::
[2024-04-20T09:17:06.993+0000] {logging_mixin.py:188} INFO -      rank  ...                                          home_team
0       1  ...  Korea DPR national football team, Korea DPR wo...
1       2  ...                       Michigan Wolverines football
2       3  ...                       Ohio State Buckeyes football
3       4  ...  Australia national cricket team, Victoria cric...
4       5  ...                                       FC Barcelona
..    ...  ...                                                ...
373   374  ...                                                   
374   375  ...                       China national football team
375   376  ...                                                   
376   377  ...                                                   
377   378  ...                                                   

[378 rows x 8 columns]
[2024-04-20T09:17:06.994+0000] {python.py:237} INFO - Done. Returned value was: OK
[2024-04-20T09:17:06.995+0000] {taskinstance.py:441} INFO - ::group::Post task execution logs
[2024-04-20T09:17:07.029+0000] {taskinstance.py:1205} INFO - Marking task as SUCCESS. dag_id=wikipedia_flow, task_id=transform_wikipedia_data, execution_date=20240420T091650, start_date=20240420T091706, end_date=20240420T091707
[2024-04-20T09:17:07.086+0000] {local_task_job_runner.py:240} INFO - Task exited with return code 0
[2024-04-20T09:17:07.124+0000] {taskinstance.py:3482} INFO - 1 downstream tasks scheduled from follow-on schedule check
[2024-04-20T09:17:07.128+0000] {local_task_job_runner.py:222} INFO - ::endgroup::
