[2024-05-17T02:09:54.646+0000] {local_task_job_runner.py:120} INFO - ::group::Pre task execution logs
[2024-05-17T02:09:54.721+0000] {taskinstance.py:2073} INFO - Dependencies all met for dep_context=non-requeueable deps ti=<TaskInstance: wikipedia_flow.extract_data_from_wikipedia manual__2024-05-17T02:09:48.419630+00:00 [queued]>
[2024-05-17T02:09:54.745+0000] {taskinstance.py:2073} INFO - Dependencies all met for dep_context=requeueable deps ti=<TaskInstance: wikipedia_flow.extract_data_from_wikipedia manual__2024-05-17T02:09:48.419630+00:00 [queued]>
[2024-05-17T02:09:54.746+0000] {taskinstance.py:2303} INFO - Starting attempt 1 of 1
[2024-05-17T02:09:54.790+0000] {taskinstance.py:2327} INFO - Executing <Task(PythonOperator): extract_data_from_wikipedia> on 2024-05-17 02:09:48.419630+00:00
[2024-05-17T02:09:54.810+0000] {warnings.py:110} WARNING - /home/***/.local/lib/python3.12/site-packages/***/task/task_runner/standard_task_runner.py:61: DeprecationWarning: This process (pid=1061) is multi-threaded, use of fork() may lead to deadlocks in the child.
  pid = os.fork()

[2024-05-17T02:09:54.814+0000] {standard_task_runner.py:63} INFO - Started process 1063 to run task
[2024-05-17T02:09:54.812+0000] {standard_task_runner.py:90} INFO - Running: ['***', 'tasks', 'run', 'wikipedia_flow', 'extract_data_from_wikipedia', 'manual__2024-05-17T02:09:48.419630+00:00', '--job-id', '68', '--raw', '--subdir', 'DAGS_FOLDER/wikipedia_flow.py', '--cfg-path', '/tmp/tmp8zzrdnxx']
[2024-05-17T02:09:54.816+0000] {standard_task_runner.py:91} INFO - Job 68: Subtask extract_data_from_wikipedia
[2024-05-17T02:09:54.928+0000] {task_command.py:426} INFO - Running <TaskInstance: wikipedia_flow.extract_data_from_wikipedia manual__2024-05-17T02:09:48.419630+00:00 [running]> on host 85d72ecba59d
[2024-05-17T02:09:55.074+0000] {taskinstance.py:2644} INFO - Exporting env vars: AIRFLOW_CTX_DAG_OWNER='Yusuf Ganiyu' AIRFLOW_CTX_DAG_ID='wikipedia_flow' AIRFLOW_CTX_TASK_ID='extract_data_from_wikipedia' AIRFLOW_CTX_EXECUTION_DATE='2024-05-17T02:09:48.419630+00:00' AIRFLOW_CTX_TRY_NUMBER='1' AIRFLOW_CTX_DAG_RUN_ID='manual__2024-05-17T02:09:48.419630+00:00'
[2024-05-17T02:09:55.077+0000] {taskinstance.py:430} INFO - ::endgroup::
[2024-05-17T02:09:55.079+0000] {logging_mixin.py:188} INFO - Getting wikipedia page... https://en.wikipedia.org/wiki/List_of_association_football_stadiums_by_capacity
[2024-05-17T02:09:56.136+0000] {python.py:237} INFO - Done. Returned value was: OK
[2024-05-17T02:09:56.137+0000] {taskinstance.py:441} INFO - ::group::Post task execution logs
[2024-05-17T02:09:56.166+0000] {taskinstance.py:1205} INFO - Marking task as SUCCESS. dag_id=wikipedia_flow, task_id=extract_data_from_wikipedia, execution_date=20240517T020948, start_date=20240517T020954, end_date=20240517T020956
[2024-05-17T02:09:56.238+0000] {local_task_job_runner.py:240} INFO - Task exited with return code 0
[2024-05-17T02:09:56.277+0000] {taskinstance.py:3482} INFO - 1 downstream tasks scheduled from follow-on schedule check
[2024-05-17T02:09:56.280+0000] {local_task_job_runner.py:222} INFO - ::endgroup::
