[2024-04-19T08:14:38.413+0000] {local_task_job_runner.py:120} INFO - ::group::Pre task execution logs
[2024-04-19T08:14:39.171+0000] {taskinstance.py:2073} INFO - Dependencies all met for dep_context=non-requeueable deps ti=<TaskInstance: wikipedia_flow.extract_data_from_wikipedia manual__2024-04-19T08:13:35.847159+00:00 [queued]>
[2024-04-19T08:14:39.332+0000] {taskinstance.py:2073} INFO - Dependencies all met for dep_context=requeueable deps ti=<TaskInstance: wikipedia_flow.extract_data_from_wikipedia manual__2024-04-19T08:13:35.847159+00:00 [queued]>
[2024-04-19T08:14:39.336+0000] {taskinstance.py:2303} INFO - Starting attempt 1 of 1
[2024-04-19T08:14:39.612+0000] {taskinstance.py:2327} INFO - Executing <Task(PythonOperator): extract_data_from_wikipedia> on 2024-04-19 08:13:35.847159+00:00
[2024-04-19T08:14:39.987+0000] {warnings.py:110} WARNING - /home/***/.local/lib/python3.12/site-packages/***/task/task_runner/standard_task_runner.py:61: DeprecationWarning: This process (pid=2838) is multi-threaded, use of fork() may lead to deadlocks in the child.
  pid = os.fork()

[2024-04-19T08:14:40.034+0000] {standard_task_runner.py:63} INFO - Started process 2848 to run task
[2024-04-19T08:14:40.132+0000] {standard_task_runner.py:90} INFO - Running: ['***', 'tasks', 'run', 'wikipedia_flow', 'extract_data_from_wikipedia', 'manual__2024-04-19T08:13:35.847159+00:00', '--job-id', '122', '--raw', '--subdir', 'DAGS_FOLDER/wikipedia_flow.py', '--cfg-path', '/tmp/tmpke3ztnct']
[2024-04-19T08:14:40.152+0000] {standard_task_runner.py:91} INFO - Job 122: Subtask extract_data_from_wikipedia
[2024-04-19T08:14:40.971+0000] {task_command.py:426} INFO - Running <TaskInstance: wikipedia_flow.extract_data_from_wikipedia manual__2024-04-19T08:13:35.847159+00:00 [running]> on host f76c4ac7736d
[2024-04-19T08:14:41.908+0000] {taskinstance.py:2644} INFO - Exporting env vars: AIRFLOW_CTX_DAG_OWNER='Yusuf Ganiyu' AIRFLOW_CTX_DAG_ID='wikipedia_flow' AIRFLOW_CTX_TASK_ID='extract_data_from_wikipedia' AIRFLOW_CTX_EXECUTION_DATE='2024-04-19T08:13:35.847159+00:00' AIRFLOW_CTX_TRY_NUMBER='1' AIRFLOW_CTX_DAG_RUN_ID='manual__2024-04-19T08:13:35.847159+00:00'
[2024-04-19T08:14:41.921+0000] {taskinstance.py:430} INFO - ::endgroup::
[2024-04-19T08:14:41.932+0000] {logging_mixin.py:188} INFO - https://en.wikipedia.org/wiki/List_of_association_football_stadiums_by_capacity
[2024-04-19T08:14:41.939+0000] {python.py:237} INFO - Done. Returned value was: None
[2024-04-19T08:14:41.944+0000] {taskinstance.py:441} INFO - ::group::Post task execution logs
[2024-04-19T08:14:41.984+0000] {taskinstance.py:1205} INFO - Marking task as SUCCESS. dag_id=wikipedia_flow, task_id=extract_data_from_wikipedia, execution_date=20240419T081335, start_date=20240419T081439, end_date=20240419T081441
[2024-04-19T08:14:42.103+0000] {local_task_job_runner.py:240} INFO - Task exited with return code 0
[2024-04-19T08:14:42.168+0000] {taskinstance.py:3482} INFO - 0 downstream tasks scheduled from follow-on schedule check
[2024-04-19T08:14:42.178+0000] {local_task_job_runner.py:222} INFO - ::endgroup::
