[2024-04-29T19:41:44.608+0000] {local_task_job_runner.py:120} INFO - ::group::Pre task execution logs
[2024-04-29T19:41:44.657+0000] {taskinstance.py:2073} INFO - Dependencies all met for dep_context=non-requeueable deps ti=<TaskInstance: wikipedia_flow.extract_data_from_wikipedia manual__2024-04-29T19:41:38.689329+00:00 [queued]>
[2024-04-29T19:41:44.672+0000] {taskinstance.py:2073} INFO - Dependencies all met for dep_context=requeueable deps ti=<TaskInstance: wikipedia_flow.extract_data_from_wikipedia manual__2024-04-29T19:41:38.689329+00:00 [queued]>
[2024-04-29T19:41:44.673+0000] {taskinstance.py:2303} INFO - Starting attempt 1 of 1
[2024-04-29T19:41:44.695+0000] {taskinstance.py:2327} INFO - Executing <Task(PythonOperator): extract_data_from_wikipedia> on 2024-04-29 19:41:38.689329+00:00
[2024-04-29T19:41:44.711+0000] {warnings.py:110} WARNING - /home/***/.local/lib/python3.12/site-packages/***/task/task_runner/standard_task_runner.py:61: DeprecationWarning: This process (pid=98) is multi-threaded, use of fork() may lead to deadlocks in the child.
  pid = os.fork()

[2024-04-29T19:41:44.715+0000] {standard_task_runner.py:63} INFO - Started process 100 to run task
[2024-04-29T19:41:44.718+0000] {standard_task_runner.py:90} INFO - Running: ['***', 'tasks', 'run', 'wikipedia_flow', 'extract_data_from_wikipedia', 'manual__2024-04-29T19:41:38.689329+00:00', '--job-id', '3', '--raw', '--subdir', 'DAGS_FOLDER/wikipedia_flow.py', '--cfg-path', '/tmp/tmpb8nw8ein']
[2024-04-29T19:41:44.729+0000] {standard_task_runner.py:91} INFO - Job 3: Subtask extract_data_from_wikipedia
[2024-04-29T19:41:44.858+0000] {task_command.py:426} INFO - Running <TaskInstance: wikipedia_flow.extract_data_from_wikipedia manual__2024-04-29T19:41:38.689329+00:00 [running]> on host 85d72ecba59d
[2024-04-29T19:41:45.034+0000] {taskinstance.py:2644} INFO - Exporting env vars: AIRFLOW_CTX_DAG_OWNER='Yusuf Ganiyu' AIRFLOW_CTX_DAG_ID='wikipedia_flow' AIRFLOW_CTX_TASK_ID='extract_data_from_wikipedia' AIRFLOW_CTX_EXECUTION_DATE='2024-04-29T19:41:38.689329+00:00' AIRFLOW_CTX_TRY_NUMBER='1' AIRFLOW_CTX_DAG_RUN_ID='manual__2024-04-29T19:41:38.689329+00:00'
[2024-04-29T19:41:45.043+0000] {taskinstance.py:430} INFO - ::endgroup::
[2024-04-29T19:41:45.125+0000] {logging_mixin.py:188} INFO - pandas with version: 2.2.0
[2024-04-29T19:41:45.127+0000] {logging_mixin.py:188} INFO - ['/home/***/.local/bin',
 '/usr/local/lib/python312.zip',
 '/usr/local/lib/python3.12',
 '/usr/local/lib/python3.12/lib-dynload',
 '/home/***/.local/lib/python3.12/site-packages',
 '/opt/***/dags',
 '/opt/***/config',
 '/opt/***/plugins']
[2024-04-29T19:41:45.128+0000] {python.py:237} INFO - Done. Returned value was: None
[2024-04-29T19:41:45.130+0000] {taskinstance.py:441} INFO - ::group::Post task execution logs
[2024-04-29T19:41:45.148+0000] {taskinstance.py:1205} INFO - Marking task as SUCCESS. dag_id=wikipedia_flow, task_id=extract_data_from_wikipedia, execution_date=20240429T194138, start_date=20240429T194144, end_date=20240429T194145
[2024-04-29T19:41:45.214+0000] {local_task_job_runner.py:240} INFO - Task exited with return code 0
[2024-04-29T19:41:45.236+0000] {taskinstance.py:3482} INFO - 0 downstream tasks scheduled from follow-on schedule check
[2024-04-29T19:41:45.239+0000] {local_task_job_runner.py:222} INFO - ::endgroup::
