[2024-04-29T05:51:40.232+0000] {local_task_job_runner.py:120} INFO - ::group::Pre task execution logs
[2024-04-29T05:51:40.281+0000] {taskinstance.py:2073} INFO - Dependencies all met for dep_context=non-requeueable deps ti=<TaskInstance: wikipedia_flow.extract_data_from_wikipedia manual__2024-04-29T05:51:35.689823+00:00 [queued]>
[2024-04-29T05:51:40.296+0000] {taskinstance.py:2073} INFO - Dependencies all met for dep_context=requeueable deps ti=<TaskInstance: wikipedia_flow.extract_data_from_wikipedia manual__2024-04-29T05:51:35.689823+00:00 [queued]>
[2024-04-29T05:51:40.297+0000] {taskinstance.py:2303} INFO - Starting attempt 1 of 1
[2024-04-29T05:51:40.325+0000] {taskinstance.py:2327} INFO - Executing <Task(PythonOperator): extract_data_from_wikipedia> on 2024-04-29 05:51:35.689823+00:00
[2024-04-29T05:51:40.337+0000] {warnings.py:110} WARNING - /home/***/.local/lib/python3.12/site-packages/***/task/task_runner/standard_task_runner.py:61: DeprecationWarning: This process (pid=127) is multi-threaded, use of fork() may lead to deadlocks in the child.
  pid = os.fork()

[2024-04-29T05:51:40.340+0000] {standard_task_runner.py:63} INFO - Started process 129 to run task
[2024-04-29T05:51:40.340+0000] {standard_task_runner.py:90} INFO - Running: ['***', 'tasks', 'run', 'wikipedia_flow', 'extract_data_from_wikipedia', 'manual__2024-04-29T05:51:35.689823+00:00', '--job-id', '16', '--raw', '--subdir', 'DAGS_FOLDER/wikipedia_flow.py', '--cfg-path', '/tmp/tmpvymt9c53']
[2024-04-29T05:51:40.345+0000] {standard_task_runner.py:91} INFO - Job 16: Subtask extract_data_from_wikipedia
[2024-04-29T05:51:40.423+0000] {task_command.py:426} INFO - Running <TaskInstance: wikipedia_flow.extract_data_from_wikipedia manual__2024-04-29T05:51:35.689823+00:00 [running]> on host 349f346725e4
[2024-04-29T05:51:40.681+0000] {taskinstance.py:2644} INFO - Exporting env vars: AIRFLOW_CTX_DAG_OWNER='Yusuf Ganiyu' AIRFLOW_CTX_DAG_ID='wikipedia_flow' AIRFLOW_CTX_TASK_ID='extract_data_from_wikipedia' AIRFLOW_CTX_EXECUTION_DATE='2024-04-29T05:51:35.689823+00:00' AIRFLOW_CTX_TRY_NUMBER='1' AIRFLOW_CTX_DAG_RUN_ID='manual__2024-04-29T05:51:35.689823+00:00'
[2024-04-29T05:51:40.686+0000] {taskinstance.py:430} INFO - ::endgroup::
[2024-04-29T05:51:40.691+0000] {logging_mixin.py:188} INFO - ['/home/***/.local/bin',
 '/usr/local/lib/python312.zip',
 '/usr/local/lib/python3.12',
 '/usr/local/lib/python3.12/lib-dynload',
 '/home/***/.local/lib/python3.12/site-packages',
 '/opt/***/dags',
 '/opt/***/config',
 '/opt/***/plugins']
[2024-04-29T05:51:40.696+0000] {python.py:237} INFO - Done. Returned value was: None
[2024-04-29T05:51:40.698+0000] {taskinstance.py:441} INFO - ::group::Post task execution logs
[2024-04-29T05:51:40.724+0000] {taskinstance.py:1205} INFO - Marking task as SUCCESS. dag_id=wikipedia_flow, task_id=extract_data_from_wikipedia, execution_date=20240429T055135, start_date=20240429T055140, end_date=20240429T055140
[2024-04-29T05:51:40.799+0000] {local_task_job_runner.py:240} INFO - Task exited with return code 0
[2024-04-29T05:51:40.862+0000] {taskinstance.py:3482} INFO - 0 downstream tasks scheduled from follow-on schedule check
[2024-04-29T05:51:40.869+0000] {local_task_job_runner.py:222} INFO - ::endgroup::
