[2024-04-21T07:58:45.582+0000] {local_task_job_runner.py:120} INFO - ::group::Pre task execution logs
[2024-04-21T07:58:45.629+0000] {taskinstance.py:2073} INFO - Dependencies all met for dep_context=non-requeueable deps ti=<TaskInstance: wikipedia_flow.transform_wikipedia_data manual__2024-04-21T07:58:19.582943+00:00 [queued]>
[2024-04-21T07:58:45.652+0000] {taskinstance.py:2073} INFO - Dependencies all met for dep_context=requeueable deps ti=<TaskInstance: wikipedia_flow.transform_wikipedia_data manual__2024-04-21T07:58:19.582943+00:00 [queued]>
[2024-04-21T07:58:45.653+0000] {taskinstance.py:2303} INFO - Starting attempt 1 of 1
[2024-04-21T07:58:45.700+0000] {taskinstance.py:2327} INFO - Executing <Task(PythonOperator): transform_wikipedia_data> on 2024-04-21 07:58:19.582943+00:00
[2024-04-21T07:58:45.723+0000] {warnings.py:110} WARNING - /home/***/.local/lib/python3.12/site-packages/***/task/task_runner/standard_task_runner.py:61: DeprecationWarning: This process (pid=903) is multi-threaded, use of fork() may lead to deadlocks in the child.
  pid = os.fork()

[2024-04-21T07:58:45.726+0000] {standard_task_runner.py:90} INFO - Running: ['***', 'tasks', 'run', 'wikipedia_flow', 'transform_wikipedia_data', 'manual__2024-04-21T07:58:19.582943+00:00', '--job-id', '164', '--raw', '--subdir', 'DAGS_FOLDER/wikipedia_flow.py', '--cfg-path', '/tmp/tmp3y0etq5e']
[2024-04-21T07:58:45.728+0000] {standard_task_runner.py:63} INFO - Started process 905 to run task
[2024-04-21T07:58:45.730+0000] {standard_task_runner.py:91} INFO - Job 164: Subtask transform_wikipedia_data
[2024-04-21T07:58:45.890+0000] {task_command.py:426} INFO - Running <TaskInstance: wikipedia_flow.transform_wikipedia_data manual__2024-04-21T07:58:19.582943+00:00 [running]> on host f76c4ac7736d
[2024-04-21T07:58:46.253+0000] {taskinstance.py:2644} INFO - Exporting env vars: AIRFLOW_CTX_DAG_OWNER='Yusuf Ganiyu' AIRFLOW_CTX_DAG_ID='wikipedia_flow' AIRFLOW_CTX_TASK_ID='transform_wikipedia_data' AIRFLOW_CTX_EXECUTION_DATE='2024-04-21T07:58:19.582943+00:00' AIRFLOW_CTX_TRY_NUMBER='1' AIRFLOW_CTX_DAG_RUN_ID='manual__2024-04-21T07:58:19.582943+00:00'
[2024-04-21T07:58:46.260+0000] {taskinstance.py:430} INFO - ::endgroup::
[2024-04-21T07:58:46.480+0000] {logging_mixin.py:188} INFO -      rank  ...                                          home_team
0       1  ...  Korea DPR national football team, Korea DPR wo...
1       2  ...                       Michigan Wolverines football
2       3  ...                       Ohio State Buckeyes football
3       4  ...  Australia national cricket team, Victoria cric...
4       5  ...                                       FC Barcelona
..    ...  ...                                                ...
373   374  ...                                                   
374   375  ...                       China national football team
375   376  ...                                                   
376   377  ...                                                   
377   378  ...                                                   

[378 rows x 8 columns]
[2024-04-21T07:58:46.485+0000] {python.py:237} INFO - Done. Returned value was: OK
[2024-04-21T07:58:46.486+0000] {taskinstance.py:441} INFO - ::group::Post task execution logs
[2024-04-21T07:58:46.547+0000] {taskinstance.py:1205} INFO - Marking task as SUCCESS. dag_id=wikipedia_flow, task_id=transform_wikipedia_data, execution_date=20240421T075819, start_date=20240421T075845, end_date=20240421T075846
[2024-04-21T07:58:46.654+0000] {local_task_job_runner.py:240} INFO - Task exited with return code 0
[2024-04-21T07:58:46.719+0000] {taskinstance.py:3482} INFO - 1 downstream tasks scheduled from follow-on schedule check
[2024-04-21T07:58:46.723+0000] {local_task_job_runner.py:222} INFO - ::endgroup::
