[2024-04-30T17:48:29.231+0000] {local_task_job_runner.py:120} INFO - ::group::Pre task execution logs
[2024-04-30T17:48:29.270+0000] {taskinstance.py:2073} INFO - Dependencies all met for dep_context=non-requeueable deps ti=<TaskInstance: wikipedia_flow.transform_wikipedia_data manual__2024-04-30T17:48:20.214806+00:00 [queued]>
[2024-04-30T17:48:29.287+0000] {taskinstance.py:2073} INFO - Dependencies all met for dep_context=requeueable deps ti=<TaskInstance: wikipedia_flow.transform_wikipedia_data manual__2024-04-30T17:48:20.214806+00:00 [queued]>
[2024-04-30T17:48:29.289+0000] {taskinstance.py:2303} INFO - Starting attempt 1 of 1
[2024-04-30T17:48:29.312+0000] {taskinstance.py:2327} INFO - Executing <Task(PythonOperator): transform_wikipedia_data> on 2024-04-30 17:48:20.214806+00:00
[2024-04-30T17:48:29.326+0000] {warnings.py:110} WARNING - /home/***/.local/lib/python3.12/site-packages/***/task/task_runner/standard_task_runner.py:61: DeprecationWarning: This process (pid=718) is multi-threaded, use of fork() may lead to deadlocks in the child.
  pid = os.fork()

[2024-04-30T17:48:29.329+0000] {standard_task_runner.py:63} INFO - Started process 720 to run task
[2024-04-30T17:48:29.330+0000] {standard_task_runner.py:90} INFO - Running: ['***', 'tasks', 'run', 'wikipedia_flow', 'transform_wikipedia_data', 'manual__2024-04-30T17:48:20.214806+00:00', '--job-id', '21', '--raw', '--subdir', 'DAGS_FOLDER/wikipedia_flow.py', '--cfg-path', '/tmp/tmp75t0gcok']
[2024-04-30T17:48:29.333+0000] {standard_task_runner.py:91} INFO - Job 21: Subtask transform_wikipedia_data
[2024-04-30T17:48:29.421+0000] {task_command.py:426} INFO - Running <TaskInstance: wikipedia_flow.transform_wikipedia_data manual__2024-04-30T17:48:20.214806+00:00 [running]> on host 85d72ecba59d
[2024-04-30T17:48:29.571+0000] {taskinstance.py:2644} INFO - Exporting env vars: AIRFLOW_CTX_DAG_OWNER='Yusuf Ganiyu' AIRFLOW_CTX_DAG_ID='wikipedia_flow' AIRFLOW_CTX_TASK_ID='transform_wikipedia_data' AIRFLOW_CTX_EXECUTION_DATE='2024-04-30T17:48:20.214806+00:00' AIRFLOW_CTX_TRY_NUMBER='1' AIRFLOW_CTX_DAG_RUN_ID='manual__2024-04-30T17:48:20.214806+00:00'
[2024-04-30T17:48:29.573+0000] {taskinstance.py:430} INFO - ::endgroup::
[2024-04-30T17:48:44.841+0000] {logging_mixin.py:188} INFO -    rank  ...                                   location
0     1  ...           (39.0496732, 125.77532151186813)
1     2  ...           (42.2658652, -83.74868376764053)
2     3  ...          (40.00164575, -83.01973744224524)
3     4  ...  (-37.819908999999996, 144.98322500667754)
4     5  ...           (41.38089905, 2.122922500751749)
5     6  ...    (19.302979399999998, -99.1504699525862)
6     7  ...   (-26.234706250000002, 27.98264390042038)
7     8  ...   (29.892173800000002, 31.673226988093376)
8     9  ...   (34.16134915000001, -118.16766739828785)

[9 rows x 9 columns]
[2024-04-30T17:48:44.844+0000] {python.py:237} INFO - Done. Returned value was: OK
[2024-04-30T17:48:44.845+0000] {taskinstance.py:441} INFO - ::group::Post task execution logs
[2024-04-30T17:48:44.891+0000] {taskinstance.py:1205} INFO - Marking task as SUCCESS. dag_id=wikipedia_flow, task_id=transform_wikipedia_data, execution_date=20240430T174820, start_date=20240430T174829, end_date=20240430T174844
[2024-04-30T17:48:44.928+0000] {local_task_job_runner.py:240} INFO - Task exited with return code 0
[2024-04-30T17:48:44.963+0000] {taskinstance.py:3482} INFO - 1 downstream tasks scheduled from follow-on schedule check
[2024-04-30T17:48:44.967+0000] {local_task_job_runner.py:222} INFO - ::endgroup::
