[2024-05-16T16:56:28.381+0000] {local_task_job_runner.py:120} INFO - ::group::Pre task execution logs
[2024-05-16T16:56:28.434+0000] {taskinstance.py:2073} INFO - Dependencies all met for dep_context=non-requeueable deps ti=<TaskInstance: wikipedia_flow.transform_wikipedia_data manual__2024-05-16T16:55:45.324276+00:00 [queued]>
[2024-05-16T16:56:28.463+0000] {taskinstance.py:2073} INFO - Dependencies all met for dep_context=requeueable deps ti=<TaskInstance: wikipedia_flow.transform_wikipedia_data manual__2024-05-16T16:55:45.324276+00:00 [queued]>
[2024-05-16T16:56:28.465+0000] {taskinstance.py:2303} INFO - Starting attempt 1 of 1
[2024-05-16T16:56:28.554+0000] {taskinstance.py:2327} INFO - Executing <Task(PythonOperator): transform_wikipedia_data> on 2024-05-16 16:55:45.324276+00:00
[2024-05-16T16:56:28.586+0000] {warnings.py:110} WARNING - /home/***/.local/lib/python3.12/site-packages/***/task/task_runner/standard_task_runner.py:61: DeprecationWarning: This process (pid=1859) is multi-threaded, use of fork() may lead to deadlocks in the child.
  pid = os.fork()

[2024-05-16T16:56:28.592+0000] {standard_task_runner.py:90} INFO - Running: ['***', 'tasks', 'run', 'wikipedia_flow', 'transform_wikipedia_data', 'manual__2024-05-16T16:55:45.324276+00:00', '--job-id', '54', '--raw', '--subdir', 'DAGS_FOLDER/wikipedia_flow.py', '--cfg-path', '/tmp/tmpb_rs3nfv']
[2024-05-16T16:56:28.595+0000] {standard_task_runner.py:63} INFO - Started process 1861 to run task
[2024-05-16T16:56:28.596+0000] {standard_task_runner.py:91} INFO - Job 54: Subtask transform_wikipedia_data
[2024-05-16T16:56:28.798+0000] {task_command.py:426} INFO - Running <TaskInstance: wikipedia_flow.transform_wikipedia_data manual__2024-05-16T16:55:45.324276+00:00 [running]> on host 85d72ecba59d
[2024-05-16T16:56:29.079+0000] {taskinstance.py:2644} INFO - Exporting env vars: AIRFLOW_CTX_DAG_OWNER='Yusuf Ganiyu' AIRFLOW_CTX_DAG_ID='wikipedia_flow' AIRFLOW_CTX_TASK_ID='transform_wikipedia_data' AIRFLOW_CTX_EXECUTION_DATE='2024-05-16T16:55:45.324276+00:00' AIRFLOW_CTX_TRY_NUMBER='1' AIRFLOW_CTX_DAG_RUN_ID='manual__2024-05-16T16:55:45.324276+00:00'
[2024-05-16T16:56:29.082+0000] {taskinstance.py:430} INFO - ::endgroup::
[2024-05-16T17:10:08.676+0000] {warnings.py:110} WARNING - /opt/***/pipelines/wikipedia_pipeline.py:100: SettingWithCopyWarning: 
A value is trying to be set on a copy of a slice from a DataFrame.
Try using .loc[row_indexer,col_indexer] = value instead

See the caveats in the documentation: https://pandas.pydata.org/pandas-docs/stable/user_guide/indexing.html#returning-a-view-versus-a-copy
  duplicates['location'] = duplicates.apply(lambda x: get_lat_long(x['country'], x['city']), axis=1)

[2024-05-16T17:10:10.199+0000] {logging_mixin.py:188} INFO -      rank  ...                                   location
0       1  ...           (39.0496732, 125.77532151186813)
1       2  ...           (42.2658652, -83.74868376764053)
2       3  ...          (40.00164575, -83.01973744224524)
3       4  ...  (-37.819908999999996, 144.98322500667754)
4       5  ...                    (41.3808046, 2.1158872)
..    ...  ...                                        ...
373   374  ...                  (22.5632358, 113.8764671)
374   375  ...                  (25.0363006, 102.7086139)
375   376  ...           (28.6496194, 121.39537897875175)
376   377  ...                  (31.1800568, 118.2141777)
377   378  ...          (23.03555805, 114.44152011468373)

[378 rows x 9 columns]
[2024-05-16T17:10:10.213+0000] {python.py:237} INFO - Done. Returned value was: OK
[2024-05-16T17:10:10.217+0000] {taskinstance.py:441} INFO - ::group::Post task execution logs
[2024-05-16T17:10:10.365+0000] {taskinstance.py:1205} INFO - Marking task as SUCCESS. dag_id=wikipedia_flow, task_id=transform_wikipedia_data, execution_date=20240516T165545, start_date=20240516T165628, end_date=20240516T171010
[2024-05-16T17:10:10.986+0000] {local_task_job_runner.py:240} INFO - Task exited with return code 0
[2024-05-16T17:10:11.503+0000] {taskinstance.py:3482} INFO - 1 downstream tasks scheduled from follow-on schedule check
[2024-05-16T17:10:11.514+0000] {local_task_job_runner.py:222} INFO - ::endgroup::
