[2024-04-19T07:41:54.969+0000] {local_task_job_runner.py:120} INFO - ::group::Pre task execution logs
[2024-04-19T07:41:55.146+0000] {taskinstance.py:2073} INFO - Dependencies all met for dep_context=non-requeueable deps ti=<TaskInstance: wikipedia_flow.extract_data_from_wikipedia manual__2024-04-19T07:41:23.462222+00:00 [queued]>
[2024-04-19T07:41:55.170+0000] {taskinstance.py:2073} INFO - Dependencies all met for dep_context=requeueable deps ti=<TaskInstance: wikipedia_flow.extract_data_from_wikipedia manual__2024-04-19T07:41:23.462222+00:00 [queued]>
[2024-04-19T07:41:55.171+0000] {taskinstance.py:2303} INFO - Starting attempt 1 of 1
[2024-04-19T07:41:55.211+0000] {taskinstance.py:2327} INFO - Executing <Task(PythonOperator): extract_data_from_wikipedia> on 2024-04-19 07:41:23.462222+00:00
[2024-04-19T07:41:55.237+0000] {warnings.py:110} WARNING - /home/***/.local/lib/python3.12/site-packages/***/task/task_runner/standard_task_runner.py:61: DeprecationWarning: This process (pid=2560) is multi-threaded, use of fork() may lead to deadlocks in the child.
  pid = os.fork()

[2024-04-19T07:41:55.242+0000] {standard_task_runner.py:63} INFO - Started process 2562 to run task
[2024-04-19T07:41:55.241+0000] {standard_task_runner.py:90} INFO - Running: ['***', 'tasks', 'run', 'wikipedia_flow', 'extract_data_from_wikipedia', 'manual__2024-04-19T07:41:23.462222+00:00', '--job-id', '118', '--raw', '--subdir', 'DAGS_FOLDER/wikipedia_flow.py', '--cfg-path', '/tmp/tmpylbh2q_n']
[2024-04-19T07:41:55.245+0000] {standard_task_runner.py:91} INFO - Job 118: Subtask extract_data_from_wikipedia
[2024-04-19T07:41:55.363+0000] {task_command.py:426} INFO - Running <TaskInstance: wikipedia_flow.extract_data_from_wikipedia manual__2024-04-19T07:41:23.462222+00:00 [running]> on host f76c4ac7736d
[2024-04-19T07:41:55.658+0000] {taskinstance.py:2644} INFO - Exporting env vars: AIRFLOW_CTX_DAG_OWNER='Yusuf Ganiyu' AIRFLOW_CTX_DAG_ID='wikipedia_flow' AIRFLOW_CTX_TASK_ID='extract_data_from_wikipedia' AIRFLOW_CTX_EXECUTION_DATE='2024-04-19T07:41:23.462222+00:00' AIRFLOW_CTX_TRY_NUMBER='1' AIRFLOW_CTX_DAG_RUN_ID='manual__2024-04-19T07:41:23.462222+00:00'
[2024-04-19T07:41:55.664+0000] {taskinstance.py:430} INFO - ::endgroup::
[2024-04-19T07:41:55.666+0000] {logging_mixin.py:188} INFO - https://en.wikipedia.org/wiki/List_of_association_football_stadiums_by_capacity
[2024-04-19T07:41:55.667+0000] {python.py:237} INFO - Done. Returned value was: None
[2024-04-19T07:41:55.668+0000] {taskinstance.py:441} INFO - ::group::Post task execution logs
[2024-04-19T07:41:55.692+0000] {taskinstance.py:1205} INFO - Marking task as SUCCESS. dag_id=wikipedia_flow, task_id=extract_data_from_wikipedia, execution_date=20240419T074123, start_date=20240419T074155, end_date=20240419T074155
[2024-04-19T07:41:55.743+0000] {local_task_job_runner.py:240} INFO - Task exited with return code 0
[2024-04-19T07:41:55.803+0000] {taskinstance.py:3482} INFO - 0 downstream tasks scheduled from follow-on schedule check
[2024-04-19T07:41:55.813+0000] {local_task_job_runner.py:222} INFO - ::endgroup::
