[2024-05-17T06:16:52.452+0000] {local_task_job_runner.py:120} INFO - ::group::Pre task execution logs
[2024-05-17T06:16:52.493+0000] {taskinstance.py:2073} INFO - Dependencies all met for dep_context=non-requeueable deps ti=<TaskInstance: wikipedia_flow.extract_data_from_wikipedia manual__2024-05-17T06:16:38.686228+00:00 [queued]>
[2024-05-17T06:16:52.507+0000] {taskinstance.py:2073} INFO - Dependencies all met for dep_context=requeueable deps ti=<TaskInstance: wikipedia_flow.extract_data_from_wikipedia manual__2024-05-17T06:16:38.686228+00:00 [queued]>
[2024-05-17T06:16:52.508+0000] {taskinstance.py:2303} INFO - Starting attempt 1 of 1
[2024-05-17T06:16:52.527+0000] {taskinstance.py:2327} INFO - Executing <Task(PythonOperator): extract_data_from_wikipedia> on 2024-05-17 06:16:38.686228+00:00
[2024-05-17T06:16:52.540+0000] {warnings.py:110} WARNING - /home/***/.local/lib/python3.12/site-packages/***/task/task_runner/standard_task_runner.py:61: DeprecationWarning: This process (pid=3632) is multi-threaded, use of fork() may lead to deadlocks in the child.
  pid = os.fork()

[2024-05-17T06:16:52.543+0000] {standard_task_runner.py:63} INFO - Started process 3634 to run task
[2024-05-17T06:16:52.544+0000] {standard_task_runner.py:90} INFO - Running: ['***', 'tasks', 'run', 'wikipedia_flow', 'extract_data_from_wikipedia', 'manual__2024-05-17T06:16:38.686228+00:00', '--job-id', '81', '--raw', '--subdir', 'DAGS_FOLDER/wikipedia_flow.py', '--cfg-path', '/tmp/tmpmvu66bp8']
[2024-05-17T06:16:52.546+0000] {standard_task_runner.py:91} INFO - Job 81: Subtask extract_data_from_wikipedia
[2024-05-17T06:16:52.609+0000] {task_command.py:426} INFO - Running <TaskInstance: wikipedia_flow.extract_data_from_wikipedia manual__2024-05-17T06:16:38.686228+00:00 [running]> on host 85d72ecba59d
[2024-05-17T06:16:52.743+0000] {taskinstance.py:2644} INFO - Exporting env vars: AIRFLOW_CTX_DAG_OWNER='Yusuf Ganiyu' AIRFLOW_CTX_DAG_ID='wikipedia_flow' AIRFLOW_CTX_TASK_ID='extract_data_from_wikipedia' AIRFLOW_CTX_EXECUTION_DATE='2024-05-17T06:16:38.686228+00:00' AIRFLOW_CTX_TRY_NUMBER='1' AIRFLOW_CTX_DAG_RUN_ID='manual__2024-05-17T06:16:38.686228+00:00'
[2024-05-17T06:16:52.746+0000] {taskinstance.py:430} INFO - ::endgroup::
[2024-05-17T06:16:52.748+0000] {logging_mixin.py:188} INFO - Getting wikipedia page... https://en.wikipedia.org/wiki/List_of_association_football_stadiums_by_capacity
[2024-05-17T06:16:55.020+0000] {python.py:237} INFO - Done. Returned value was: OK
[2024-05-17T06:16:55.021+0000] {taskinstance.py:441} INFO - ::group::Post task execution logs
[2024-05-17T06:16:55.052+0000] {taskinstance.py:1205} INFO - Marking task as SUCCESS. dag_id=wikipedia_flow, task_id=extract_data_from_wikipedia, execution_date=20240517T061638, start_date=20240517T061652, end_date=20240517T061655
[2024-05-17T06:16:55.134+0000] {local_task_job_runner.py:240} INFO - Task exited with return code 0
[2024-05-17T06:16:55.204+0000] {taskinstance.py:3482} INFO - 0 downstream tasks scheduled from follow-on schedule check
[2024-05-17T06:16:55.210+0000] {local_task_job_runner.py:222} INFO - ::endgroup::
