[2024-05-17T04:50:29.294+0000] {local_task_job_runner.py:120} INFO - ::group::Pre task execution logs
[2024-05-17T04:50:29.333+0000] {taskinstance.py:2073} INFO - Dependencies all met for dep_context=non-requeueable deps ti=<TaskInstance: wikipedia_flow.extract_data_from_wikipedia manual__2024-05-17T04:50:18.953226+00:00 [queued]>
[2024-05-17T04:50:29.350+0000] {taskinstance.py:2073} INFO - Dependencies all met for dep_context=requeueable deps ti=<TaskInstance: wikipedia_flow.extract_data_from_wikipedia manual__2024-05-17T04:50:18.953226+00:00 [queued]>
[2024-05-17T04:50:29.351+0000] {taskinstance.py:2303} INFO - Starting attempt 1 of 1
[2024-05-17T04:50:29.379+0000] {taskinstance.py:2327} INFO - Executing <Task(PythonOperator): extract_data_from_wikipedia> on 2024-05-17 04:50:18.953226+00:00
[2024-05-17T04:50:29.417+0000] {warnings.py:110} WARNING - /home/***/.local/lib/python3.12/site-packages/***/task/task_runner/standard_task_runner.py:61: DeprecationWarning: This process (pid=3005) is multi-threaded, use of fork() may lead to deadlocks in the child.
  pid = os.fork()

[2024-05-17T04:50:29.423+0000] {standard_task_runner.py:63} INFO - Started process 3007 to run task
[2024-05-17T04:50:29.427+0000] {standard_task_runner.py:90} INFO - Running: ['***', 'tasks', 'run', 'wikipedia_flow', 'extract_data_from_wikipedia', 'manual__2024-05-17T04:50:18.953226+00:00', '--job-id', '77', '--raw', '--subdir', 'DAGS_FOLDER/wikipedia_flow.py', '--cfg-path', '/tmp/tmp3wulmd5k']
[2024-05-17T04:50:29.429+0000] {standard_task_runner.py:91} INFO - Job 77: Subtask extract_data_from_wikipedia
[2024-05-17T04:50:29.526+0000] {task_command.py:426} INFO - Running <TaskInstance: wikipedia_flow.extract_data_from_wikipedia manual__2024-05-17T04:50:18.953226+00:00 [running]> on host 85d72ecba59d
[2024-05-17T04:50:29.915+0000] {taskinstance.py:2644} INFO - Exporting env vars: AIRFLOW_CTX_DAG_OWNER='Yusuf Ganiyu' AIRFLOW_CTX_DAG_ID='wikipedia_flow' AIRFLOW_CTX_TASK_ID='extract_data_from_wikipedia' AIRFLOW_CTX_EXECUTION_DATE='2024-05-17T04:50:18.953226+00:00' AIRFLOW_CTX_TRY_NUMBER='1' AIRFLOW_CTX_DAG_RUN_ID='manual__2024-05-17T04:50:18.953226+00:00'
[2024-05-17T04:50:29.919+0000] {taskinstance.py:430} INFO - ::endgroup::
[2024-05-17T04:50:29.924+0000] {logging_mixin.py:188} INFO - Getting wikipedia page... https://en.wikipedia.org/wiki/List_of_association_football_stadiums_by_capacity
[2024-05-17T04:50:32.277+0000] {python.py:237} INFO - Done. Returned value was: OK
[2024-05-17T04:50:32.279+0000] {taskinstance.py:441} INFO - ::group::Post task execution logs
[2024-05-17T04:50:32.379+0000] {taskinstance.py:1205} INFO - Marking task as SUCCESS. dag_id=wikipedia_flow, task_id=extract_data_from_wikipedia, execution_date=20240517T045018, start_date=20240517T045029, end_date=20240517T045032
[2024-05-17T04:50:32.497+0000] {local_task_job_runner.py:240} INFO - Task exited with return code 0
[2024-05-17T04:50:32.574+0000] {taskinstance.py:3482} INFO - 1 downstream tasks scheduled from follow-on schedule check
[2024-05-17T04:50:32.580+0000] {local_task_job_runner.py:222} INFO - ::endgroup::
