[2024-04-29T19:47:10.501+0000] {local_task_job_runner.py:120} INFO - ::group::Pre task execution logs
[2024-04-29T19:47:10.535+0000] {taskinstance.py:2073} INFO - Dependencies all met for dep_context=non-requeueable deps ti=<TaskInstance: wikipedia_flow.transform_wikipedia_data manual__2024-04-29T19:47:02.458253+00:00 [queued]>
[2024-04-29T19:47:10.549+0000] {taskinstance.py:2073} INFO - Dependencies all met for dep_context=requeueable deps ti=<TaskInstance: wikipedia_flow.transform_wikipedia_data manual__2024-04-29T19:47:02.458253+00:00 [queued]>
[2024-04-29T19:47:10.550+0000] {taskinstance.py:2303} INFO - Starting attempt 1 of 1
[2024-04-29T19:47:10.571+0000] {taskinstance.py:2327} INFO - Executing <Task(PythonOperator): transform_wikipedia_data> on 2024-04-29 19:47:02.458253+00:00
[2024-04-29T19:47:10.581+0000] {warnings.py:110} WARNING - /home/***/.local/lib/python3.12/site-packages/***/task/task_runner/standard_task_runner.py:61: DeprecationWarning: This process (pid=167) is multi-threaded, use of fork() may lead to deadlocks in the child.
  pid = os.fork()

[2024-04-29T19:47:10.583+0000] {standard_task_runner.py:63} INFO - Started process 176 to run task
[2024-04-29T19:47:10.584+0000] {standard_task_runner.py:90} INFO - Running: ['***', 'tasks', 'run', 'wikipedia_flow', 'transform_wikipedia_data', 'manual__2024-04-29T19:47:02.458253+00:00', '--job-id', '5', '--raw', '--subdir', 'DAGS_FOLDER/wikipedia_flow.py', '--cfg-path', '/tmp/tmpih_atdxd']
[2024-04-29T19:47:10.586+0000] {standard_task_runner.py:91} INFO - Job 5: Subtask transform_wikipedia_data
[2024-04-29T19:47:10.643+0000] {task_command.py:426} INFO - Running <TaskInstance: wikipedia_flow.transform_wikipedia_data manual__2024-04-29T19:47:02.458253+00:00 [running]> on host 85d72ecba59d
[2024-04-29T19:47:10.749+0000] {taskinstance.py:2644} INFO - Exporting env vars: AIRFLOW_CTX_DAG_OWNER='Yusuf Ganiyu' AIRFLOW_CTX_DAG_ID='wikipedia_flow' AIRFLOW_CTX_TASK_ID='transform_wikipedia_data' AIRFLOW_CTX_EXECUTION_DATE='2024-04-29T19:47:02.458253+00:00' AIRFLOW_CTX_TRY_NUMBER='1' AIRFLOW_CTX_DAG_RUN_ID='manual__2024-04-29T19:47:02.458253+00:00'
[2024-04-29T19:47:10.751+0000] {taskinstance.py:430} INFO - ::endgroup::
[2024-04-29T19:47:14.160+0000] {logging_mixin.py:188} INFO -    rank  ...                          location
0     1  ...  (39.0496732, 125.77532151186813)
1     2  ...  (42.2658652, -83.74868376764053)

[2 rows x 9 columns]
[2024-04-29T19:47:14.161+0000] {python.py:237} INFO - Done. Returned value was: OK
[2024-04-29T19:47:14.162+0000] {taskinstance.py:441} INFO - ::group::Post task execution logs
[2024-04-29T19:47:14.187+0000] {taskinstance.py:1205} INFO - Marking task as SUCCESS. dag_id=wikipedia_flow, task_id=transform_wikipedia_data, execution_date=20240429T194702, start_date=20240429T194710, end_date=20240429T194714
[2024-04-29T19:47:14.217+0000] {local_task_job_runner.py:240} INFO - Task exited with return code 0
[2024-04-29T19:47:14.239+0000] {taskinstance.py:3482} INFO - 0 downstream tasks scheduled from follow-on schedule check
[2024-04-29T19:47:14.242+0000] {local_task_job_runner.py:222} INFO - ::endgroup::
