[2024-05-17T06:04:20.973+0000] {local_task_job_runner.py:120} INFO - ::group::Pre task execution logs
[2024-05-17T06:04:21.097+0000] {taskinstance.py:2073} INFO - Dependencies all met for dep_context=non-requeueable deps ti=<TaskInstance: wikipedia_flow.extract_data_from_wikipedia manual__2024-05-17T06:03:55.744070+00:00 [queued]>
[2024-05-17T06:04:21.122+0000] {taskinstance.py:2073} INFO - Dependencies all met for dep_context=requeueable deps ti=<TaskInstance: wikipedia_flow.extract_data_from_wikipedia manual__2024-05-17T06:03:55.744070+00:00 [queued]>
[2024-05-17T06:04:21.123+0000] {taskinstance.py:2303} INFO - Starting attempt 1 of 1
[2024-05-17T06:04:21.156+0000] {taskinstance.py:2327} INFO - Executing <Task(PythonOperator): extract_data_from_wikipedia> on 2024-05-17 06:03:55.744070+00:00
[2024-05-17T06:04:21.185+0000] {warnings.py:110} WARNING - /home/***/.local/lib/python3.12/site-packages/***/task/task_runner/standard_task_runner.py:61: DeprecationWarning: This process (pid=3470) is multi-threaded, use of fork() may lead to deadlocks in the child.
  pid = os.fork()

[2024-05-17T06:04:21.189+0000] {standard_task_runner.py:63} INFO - Started process 3479 to run task
[2024-05-17T06:04:21.188+0000] {standard_task_runner.py:90} INFO - Running: ['***', 'tasks', 'run', 'wikipedia_flow', 'extract_data_from_wikipedia', 'manual__2024-05-17T06:03:55.744070+00:00', '--job-id', '79', '--raw', '--subdir', 'DAGS_FOLDER/wikipedia_flow.py', '--cfg-path', '/tmp/tmpahm2tuez']
[2024-05-17T06:04:21.190+0000] {standard_task_runner.py:91} INFO - Job 79: Subtask extract_data_from_wikipedia
[2024-05-17T06:04:21.330+0000] {task_command.py:426} INFO - Running <TaskInstance: wikipedia_flow.extract_data_from_wikipedia manual__2024-05-17T06:03:55.744070+00:00 [running]> on host 85d72ecba59d
[2024-05-17T06:04:21.763+0000] {taskinstance.py:2644} INFO - Exporting env vars: AIRFLOW_CTX_DAG_OWNER='Yusuf Ganiyu' AIRFLOW_CTX_DAG_ID='wikipedia_flow' AIRFLOW_CTX_TASK_ID='extract_data_from_wikipedia' AIRFLOW_CTX_EXECUTION_DATE='2024-05-17T06:03:55.744070+00:00' AIRFLOW_CTX_TRY_NUMBER='1' AIRFLOW_CTX_DAG_RUN_ID='manual__2024-05-17T06:03:55.744070+00:00'
[2024-05-17T06:04:21.769+0000] {taskinstance.py:430} INFO - ::endgroup::
[2024-05-17T06:04:21.771+0000] {logging_mixin.py:188} INFO - Getting wikipedia page... https://en.wikipedia.org/wiki/List_of_association_football_stadiums_by_capacity
[2024-05-17T06:04:24.627+0000] {python.py:237} INFO - Done. Returned value was: OK
[2024-05-17T06:04:24.629+0000] {taskinstance.py:441} INFO - ::group::Post task execution logs
[2024-05-17T06:04:24.769+0000] {taskinstance.py:1205} INFO - Marking task as SUCCESS. dag_id=wikipedia_flow, task_id=extract_data_from_wikipedia, execution_date=20240517T060355, start_date=20240517T060421, end_date=20240517T060424
[2024-05-17T06:04:24.847+0000] {local_task_job_runner.py:240} INFO - Task exited with return code 0
[2024-05-17T06:04:24.897+0000] {taskinstance.py:3482} INFO - 1 downstream tasks scheduled from follow-on schedule check
[2024-05-17T06:04:24.901+0000] {local_task_job_runner.py:222} INFO - ::endgroup::
