[2024-05-17T02:09:59.045+0000] {local_task_job_runner.py:120} INFO - ::group::Pre task execution logs
[2024-05-17T02:09:59.070+0000] {taskinstance.py:2073} INFO - Dependencies all met for dep_context=non-requeueable deps ti=<TaskInstance: wikipedia_flow.transform_wikipedia_data_ep1 manual__2024-05-17T02:09:48.419630+00:00 [queued]>
[2024-05-17T02:09:59.083+0000] {taskinstance.py:2073} INFO - Dependencies all met for dep_context=requeueable deps ti=<TaskInstance: wikipedia_flow.transform_wikipedia_data_ep1 manual__2024-05-17T02:09:48.419630+00:00 [queued]>
[2024-05-17T02:09:59.084+0000] {taskinstance.py:2303} INFO - Starting attempt 1 of 1
[2024-05-17T02:09:59.104+0000] {taskinstance.py:2327} INFO - Executing <Task(PythonOperator): transform_wikipedia_data_ep1> on 2024-05-17 02:09:48.419630+00:00
[2024-05-17T02:09:59.115+0000] {warnings.py:110} WARNING - /home/***/.local/lib/python3.12/site-packages/***/task/task_runner/standard_task_runner.py:61: DeprecationWarning: This process (pid=1064) is multi-threaded, use of fork() may lead to deadlocks in the child.
  pid = os.fork()

[2024-05-17T02:09:59.117+0000] {standard_task_runner.py:63} INFO - Started process 1066 to run task
[2024-05-17T02:09:59.117+0000] {standard_task_runner.py:90} INFO - Running: ['***', 'tasks', 'run', 'wikipedia_flow', 'transform_wikipedia_data_ep1', 'manual__2024-05-17T02:09:48.419630+00:00', '--job-id', '69', '--raw', '--subdir', 'DAGS_FOLDER/wikipedia_flow.py', '--cfg-path', '/tmp/tmpsda79i60']
[2024-05-17T02:09:59.119+0000] {standard_task_runner.py:91} INFO - Job 69: Subtask transform_wikipedia_data_ep1
[2024-05-17T02:09:59.174+0000] {task_command.py:426} INFO - Running <TaskInstance: wikipedia_flow.transform_wikipedia_data_ep1 manual__2024-05-17T02:09:48.419630+00:00 [running]> on host 85d72ecba59d
[2024-05-17T02:09:59.356+0000] {taskinstance.py:2644} INFO - Exporting env vars: AIRFLOW_CTX_DAG_OWNER='Yusuf Ganiyu' AIRFLOW_CTX_DAG_ID='wikipedia_flow' AIRFLOW_CTX_TASK_ID='transform_wikipedia_data_ep1' AIRFLOW_CTX_EXECUTION_DATE='2024-05-17T02:09:48.419630+00:00' AIRFLOW_CTX_TRY_NUMBER='1' AIRFLOW_CTX_DAG_RUN_ID='manual__2024-05-17T02:09:48.419630+00:00'
[2024-05-17T02:09:59.360+0000] {taskinstance.py:430} INFO - ::endgroup::
[2024-05-17T02:14:01.304+0000] {connectionpool.py:824} WARNING - Retrying (Retry(total=1, connect=None, read=None, redirect=None, status=None)) after connection broken by 'ReadTimeoutError("HTTPSConnectionPool(host='nominatim.openstreetmap.org', port=443): Read timed out. (read timeout=10)")': /search?q=Pusk%C3%A1s+Ar%C3%A9na%2C+Hungary&format=json&limit=1
[2024-05-17T02:17:22.312+0000] {connectionpool.py:824} WARNING - Retrying (Retry(total=1, connect=None, read=None, redirect=None, status=None)) after connection broken by 'ReadTimeoutError("HTTPSConnectionPool(host='nominatim.openstreetmap.org', port=443): Read timed out. (read timeout=10)")': /search?q=Commanders+Field%2C+United+States&format=json&limit=1
[2024-05-17T02:18:09.055+0000] {connectionpool.py:824} WARNING - Retrying (Retry(total=1, connect=None, read=None, redirect=None, status=None)) after connection broken by 'ReadTimeoutError("HTTPSConnectionPool(host='nominatim.openstreetmap.org', port=443): Read timed out. (read timeout=10)")': /search?q=Commonwealth+Stadium%2C+Canada&format=json&limit=1
[2024-05-17T02:19:47.529+0000] {connectionpool.py:824} WARNING - Retrying (Retry(total=1, connect=None, read=None, redirect=None, status=None)) after connection broken by 'ReadTimeoutError("HTTPSConnectionPool(host='nominatim.openstreetmap.org', port=443): Read timed out. (read timeout=10)")': /search?q=BC+Place+Stadium%2C+Canada&format=json&limit=1
[2024-05-17T02:20:49.821+0000] {connectionpool.py:824} WARNING - Retrying (Retry(total=1, connect=None, read=None, redirect=None, status=None)) after connection broken by 'ReadTimeoutError("HTTPSConnectionPool(host='nominatim.openstreetmap.org', port=443): Read timed out. (read timeout=10)")': /search?q=RAMS+Park%2C+Turkey&format=json&limit=1
[2024-05-17T02:22:14.390+0000] {connectionpool.py:824} WARNING - Retrying (Retry(total=1, connect=None, read=None, redirect=None, status=None)) after connection broken by 'ReadTimeoutError("HTTPSConnectionPool(host='nominatim.openstreetmap.org', port=443): Read timed out. (read timeout=10)")': /search?q=Shizuoka+Stadium%2C+Japan&format=json&limit=1
[2024-05-17T02:22:35.028+0000] {connectionpool.py:824} WARNING - Retrying (Retry(total=1, connect=None, read=None, redirect=None, status=None)) after connection broken by 'ReadTimeoutError("HTTPSConnectionPool(host='nominatim.openstreetmap.org', port=443): Read timed out. (read timeout=10)")': /search?q=Huntington+Bank+Stadium%2C+United+States&format=json&limit=1
[2024-05-17T02:22:49.319+0000] {connectionpool.py:824} WARNING - Retrying (Retry(total=1, connect=None, read=None, redirect=None, status=None)) after connection broken by 'ReadTimeoutError("HTTPSConnectionPool(host='nominatim.openstreetmap.org', port=443): Read timed out. (read timeout=10)")': /search?q=Friends+Arena%2C+Sweden&format=json&limit=1
[2024-05-17T02:25:42.763+0000] {connectionpool.py:824} WARNING - Retrying (Retry(total=1, connect=None, read=None, redirect=None, status=None)) after connection broken by 'ReadTimeoutError("HTTPSConnectionPool(host='nominatim.openstreetmap.org', port=443): Read timed out. (read timeout=10)")': /search?q=Nelson+Mandela+Bay+Stadium%2C+South+Africa&format=json&limit=1
[2024-05-17T02:26:01.381+0000] {connectionpool.py:824} WARNING - Retrying (Retry(total=1, connect=None, read=None, redirect=None, status=None)) after connection broken by 'ReadTimeoutError("HTTPSConnectionPool(host='nominatim.openstreetmap.org', port=443): Read timed out. (read timeout=10)")': /search?q=Estadio+Tom%C3%A1s+Adolfo+Duc%C3%B3%2C+Argentina&format=json&limit=1
[2024-05-17T02:27:10.931+0000] {connectionpool.py:824} WARNING - Retrying (Retry(total=1, connect=None, read=None, redirect=None, status=None)) after connection broken by 'ReadTimeoutError("HTTPSConnectionPool(host='nominatim.openstreetmap.org', port=443): Read timed out. (read timeout=10)")': /search?q=Estadio+Metropolitano+Roberto+Mel%C3%A9ndez%2C+Colombia&format=json&limit=1
[2024-05-17T02:27:23.119+0000] {connectionpool.py:824} WARNING - Retrying (Retry(total=1, connect=None, read=None, redirect=None, status=None)) after connection broken by 'ReadTimeoutError("HTTPSConnectionPool(host='nominatim.openstreetmap.org', port=443): Read timed out. (read timeout=10)")': /search?q=Est%C3%A1dio+Ol%C3%ADmpico+Nilton+Santos%2C+Brazil&format=json&limit=1
[2024-05-17T02:27:33.592+0000] {connectionpool.py:824} WARNING - Retrying (Retry(total=0, connect=None, read=None, redirect=None, status=None)) after connection broken by 'ReadTimeoutError("HTTPSConnectionPool(host='nominatim.openstreetmap.org', port=443): Read timed out. (read timeout=10)")': /search?q=Est%C3%A1dio+Ol%C3%ADmpico+Nilton+Santos%2C+Brazil&format=json&limit=1
[2024-05-17T02:28:13.605+0000] {connectionpool.py:824} WARNING - Retrying (Retry(total=1, connect=None, read=None, redirect=None, status=None)) after connection broken by 'ReadTimeoutError("HTTPSConnectionPool(host='nominatim.openstreetmap.org', port=443): Read timed out. (read timeout=10)")': /search?q=Estadio+Atanasio+Girardot%2C+Colombia&format=json&limit=1
[2024-05-17T02:28:57.347+0000] {connectionpool.py:824} WARNING - Retrying (Retry(total=1, connect=None, read=None, redirect=None, status=None)) after connection broken by 'ReadTimeoutError("HTTPSConnectionPool(host='nominatim.openstreetmap.org', port=443): Read timed out. (read timeout=10)")': /search?q=Mandela+National+Stadium%2C+Uganda&format=json&limit=1
[2024-05-17T02:29:10.292+0000] {connectionpool.py:824} WARNING - Retrying (Retry(total=1, connect=None, read=None, redirect=None, status=None)) after connection broken by 'ReadTimeoutError("HTTPSConnectionPool(host='nominatim.openstreetmap.org', port=443): Read timed out. (read timeout=10)")': /search?q=Tarczy%C5%84ski+Arena+Wroc%C5%82aw%2C+Poland&format=json&limit=1
[2024-05-17T02:29:59.909+0000] {connectionpool.py:824} WARNING - Retrying (Retry(total=1, connect=None, read=None, redirect=None, status=None)) after connection broken by 'ReadTimeoutError("HTTPSConnectionPool(host='nominatim.openstreetmap.org', port=443): Read timed out. (read timeout=10)")': /search?q=Latakia+Sports+City+Stadium%2C+Syria&format=json&limit=1
[2024-05-17T02:31:25.663+0000] {connectionpool.py:824} WARNING - Retrying (Retry(total=1, connect=None, read=None, redirect=None, status=None)) after connection broken by 'ReadTimeoutError("HTTPSConnectionPool(host='nominatim.openstreetmap.org', port=443): Read timed out. (read timeout=10)")': /search?q=Shandong+Provincial+Stadium%2C+China&format=json&limit=1
[2024-05-17T02:32:06.795+0000] {connectionpool.py:824} WARNING - Retrying (Retry(total=1, connect=None, read=None, redirect=None, status=None)) after connection broken by 'ReadTimeoutError("HTTPSConnectionPool(host='nominatim.openstreetmap.org', port=443): Read timed out. (read timeout=10)")': /search?q=Perak+Stadium%2C+Malaysia&format=json&limit=1
[2024-05-17T02:32:33.565+0000] {connectionpool.py:824} WARNING - Retrying (Retry(total=1, connect=None, read=None, redirect=None, status=None)) after connection broken by 'ReadTimeoutError("HTTPSConnectionPool(host='nominatim.openstreetmap.org', port=443): Read timed out. (read timeout=10)")': /search?q=Estadio+Olimpico+Metropolitano+de+M%C3%A9rida%2C+Venezuela&format=json&limit=1
[2024-05-17T02:32:55.602+0000] {connectionpool.py:824} WARNING - Retrying (Retry(total=1, connect=None, read=None, redirect=None, status=None)) after connection broken by 'ReadTimeoutError("HTTPSConnectionPool(host='nominatim.openstreetmap.org', port=443): Read timed out. (read timeout=10)")': /search?q=Helsingin+Olympiastadion%2C+Finland&format=json&limit=1
[2024-05-17T02:33:13.755+0000] {connectionpool.py:824} WARNING - Retrying (Retry(total=1, connect=None, read=None, redirect=None, status=None)) after connection broken by 'ReadTimeoutError("HTTPSConnectionPool(host='nominatim.openstreetmap.org', port=443): Read timed out. (read timeout=10)")': /search?q=Estadio+Deportivo+Cali%2C+Colombia&format=json&limit=1
[2024-05-17T02:34:04.916+0000] {connectionpool.py:824} WARNING - Retrying (Retry(total=1, connect=None, read=None, redirect=None, status=None)) after connection broken by 'ReadTimeoutError("HTTPSConnectionPool(host='nominatim.openstreetmap.org', port=443): Read timed out. (read timeout=10)")': /search?q=Peter+Mokaba+Stadium%2C+South+Africa&format=json&limit=1
[2024-05-17T02:34:59.527+0000] {connectionpool.py:824} WARNING - Retrying (Retry(total=1, connect=None, read=None, redirect=None, status=None)) after connection broken by 'ReadTimeoutError("HTTPSConnectionPool(host='nominatim.openstreetmap.org', port=443): Read timed out. (read timeout=10)")': /search?q=Stage+Front+Stadium%2C+Spain&format=json&limit=1
[2024-05-17T02:35:58.542+0000] {connectionpool.py:824} WARNING - Retrying (Retry(total=1, connect=None, read=None, redirect=None, status=None)) after connection broken by 'ReadTimeoutError("HTTPSConnectionPool(host='nominatim.openstreetmap.org', port=443): Read timed out. (read timeout=10)")': /search?q=Stade+Ahmed-Zabana%2C+Algeria&format=json&limit=1
[2024-05-17T02:36:43.901+0000] {connectionpool.py:824} WARNING - Retrying (Retry(total=1, connect=None, read=None, redirect=None, status=None)) after connection broken by 'ReadTimeoutError("HTTPSConnectionPool(host='nominatim.openstreetmap.org', port=443): Read timed out. (read timeout=10)")': /search?q=Stadium+Darul+Makmur%2C+Malaysia&format=json&limit=1
[2024-05-17T02:38:18.324+0000] {warnings.py:110} WARNING - /opt/***/pipelines/wikipedia_pipeline.py:100: SettingWithCopyWarning: 
A value is trying to be set on a copy of a slice from a DataFrame.
Try using .loc[row_indexer,col_indexer] = value instead

See the caveats in the documentation: https://pandas.pydata.org/pandas-docs/stable/user_guide/indexing.html#returning-a-view-versus-a-copy
  duplicates['location'] = duplicates.apply(lambda x: get_lat_long(x['country'], x['city']), axis=1)

[2024-05-17T02:38:18.712+0000] {logging_mixin.py:188} INFO -      rank  ...                                   location
0       1  ...           (39.0496732, 125.77532151186813)
1       2  ...           (42.2658652, -83.74868376764053)
2       3  ...          (40.00164575, -83.01973744224524)
3       4  ...  (-37.819908999999996, 144.98322500667754)
4       5  ...                    (41.3808046, 2.1158872)
..    ...  ...                                        ...
373   374  ...                  (22.5632358, 113.8764671)
374   375  ...                  (25.0363006, 102.7086139)
375   376  ...           (28.6496194, 121.39537897875175)
376   377  ...                  (31.1800568, 118.2141777)
377   378  ...          (23.03555805, 114.44152011468373)

[378 rows x 9 columns]
[2024-05-17T02:38:18.717+0000] {python.py:237} INFO - Done. Returned value was: OK
[2024-05-17T02:38:18.719+0000] {taskinstance.py:441} INFO - ::group::Post task execution logs
[2024-05-17T02:38:18.777+0000] {taskinstance.py:1205} INFO - Marking task as SUCCESS. dag_id=wikipedia_flow, task_id=transform_wikipedia_data_ep1, execution_date=20240517T020948, start_date=20240517T020959, end_date=20240517T023818
[2024-05-17T02:38:18.903+0000] {local_task_job_runner.py:240} INFO - Task exited with return code 0
[2024-05-17T02:38:19.116+0000] {taskinstance.py:3482} INFO - 1 downstream tasks scheduled from follow-on schedule check
[2024-05-17T02:38:19.121+0000] {local_task_job_runner.py:222} INFO - ::endgroup::
